TN:
SF:src/App.jsx
FN:34,LoadingFallback
FN:59,App
FNF:2
FNH:2
FNDA:9,LoadingFallback
FNDA:9,App
DA:1,1
DA:2,1
DA:3,1
DA:4,1
DA:5,1
DA:6,1
DA:9,1
DA:10,1
DA:11,1
DA:12,1
DA:13,1
DA:14,1
DA:15,1
DA:16,1
DA:17,1
DA:18,1
DA:19,1
DA:20,1
DA:21,1
DA:22,1
DA:23,1
DA:24,1
DA:25,1
DA:26,1
DA:27,1
DA:28,1
DA:29,1
DA:30,1
DA:31,1
DA:34,9
DA:35,9
DA:36,9
DA:37,9
DA:38,9
DA:39,9
DA:40,9
DA:41,9
DA:42,9
DA:43,9
DA:44,9
DA:45,9
DA:46,9
DA:47,9
DA:48,9
DA:49,9
DA:50,9
DA:51,9
DA:52,9
DA:53,9
DA:54,9
DA:55,9
DA:57,9
DA:59,9
DA:60,9
DA:61,9
DA:62,9
DA:63,9
DA:64,9
DA:65,9
DA:66,9
DA:67,9
DA:68,9
DA:69,9
DA:70,9
DA:71,9
DA:72,9
DA:73,9
DA:74,9
DA:75,9
DA:76,9
DA:77,9
DA:78,9
DA:79,9
DA:80,9
DA:81,9
DA:82,9
DA:83,9
DA:84,9
DA:85,9
DA:86,9
DA:87,9
DA:88,9
DA:89,9
DA:90,9
DA:91,9
DA:93,9
DA:94,9
DA:95,9
DA:96,9
DA:97,9
DA:99,9
DA:101,1
LF:92
LH:92
BRDA:9,0,0,1
BRDA:11,1,0,1
BRDA:15,2,0,1
BRDA:25,3,0,1
BRDA:26,4,0,1
BRDA:27,5,0,1
BRDA:28,6,0,1
BRDA:29,7,0,1
BRDA:31,8,0,1
BRDA:34,9,0,9
BRDA:59,10,0,9
BRF:11
BRH:11
end_of_record
TN:
SF:src/main.jsx
FN:1,(empty-report)
FNF:1
FNH:0
FNDA:0,(empty-report)
DA:1,0
DA:2,0
DA:3,0
DA:4,0
DA:5,0
DA:6,0
DA:7,0
DA:8,0
DA:9,0
DA:10,0
DA:11,0
DA:12,0
DA:14,0
DA:15,0
DA:16,0
DA:17,0
DA:18,0
DA:19,0
DA:20,0
DA:21,0
DA:22,0
DA:23,0
DA:24,0
DA:26,0
DA:27,0
DA:28,0
DA:29,0
DA:30,0
DA:31,0
DA:32,0
DA:33,0
DA:34,0
DA:35,0
DA:36,0
DA:37,0
DA:38,0
DA:39,0
LF:37
LH:0
BRDA:1,0,0,0
BRF:1
BRH:0
end_of_record
TN:
SF:src/components/ErrorBoundary.jsx
FN:6,<instance_members_initializer>
FN:7,ErrorBoundary
FN:12,getDerivedStateFromError
FN:16,componentDidCatch
FN:20,handleReset
FN:25,render
FN:56,onClick
FNF:7
FNH:5
FNDA:3,<instance_members_initializer>
FNDA:4,ErrorBoundary
FNDA:2,getDerivedStateFromError
FNDA:1,componentDidCatch
FNDA:0,handleReset
FNDA:5,render
FNDA:0,onClick
DA:1,1
DA:6,1
DA:7,3
DA:8,4
DA:9,4
DA:10,4
DA:12,3
DA:13,2
DA:14,2
DA:16,3
DA:17,1
DA:18,1
DA:20,3
DA:21,0
DA:22,0
DA:23,0
DA:25,3
DA:26,5
DA:27,2
DA:28,2
DA:29,2
DA:30,2
DA:31,2
DA:32,2
DA:33,2
DA:34,2
DA:35,2
DA:38,2
DA:39,2
DA:40,0
DA:41,0
DA:43,0
DA:44,0
DA:45,0
DA:46,0
DA:47,0
DA:48,0
DA:50,2
DA:51,2
DA:53,2
DA:54,2
DA:55,2
DA:56,2
DA:57,2
DA:58,2
DA:60,2
DA:61,2
DA:62,2
DA:64,2
DA:66,3
DA:67,5
DA:68,3
LF:52
LH:41
BRDA:6,0,0,3
BRDA:7,1,0,4
BRDA:12,2,0,2
BRDA:16,3,0,1
BRDA:25,4,0,5
BRDA:26,5,0,2
BRDA:39,6,0,0
BRDA:39,7,0,0
BRDA:64,8,0,3
BRF:9
BRH:7
end_of_record
TN:
SF:src/components/Footer.jsx
FN:1,(empty-report)
FNF:1
FNH:0
FNDA:0,(empty-report)
DA:1,0
DA:2,0
DA:3,0
DA:4,0
DA:6,0
DA:7,0
DA:8,0
DA:9,0
DA:10,0
DA:12,0
DA:13,0
DA:15,0
DA:16,0
DA:17,0
DA:18,0
DA:19,0
DA:20,0
DA:21,0
DA:22,0
DA:23,0
DA:25,0
DA:26,0
DA:27,0
DA:28,0
DA:29,0
DA:30,0
DA:31,0
DA:32,0
DA:34,0
DA:35,0
DA:36,0
DA:37,0
DA:40,0
DA:41,0
DA:43,0
DA:44,0
DA:45,0
DA:46,0
DA:47,0
DA:48,0
DA:49,0
DA:51,0
DA:52,0
DA:53,0
DA:54,0
DA:56,0
DA:57,0
DA:59,0
DA:60,0
DA:61,0
DA:62,0
DA:63,0
DA:64,0
DA:65,0
DA:67,0
DA:68,0
DA:69,0
DA:70,0
DA:71,0
DA:72,0
DA:73,0
DA:75,0
DA:76,0
DA:77,0
DA:78,0
DA:79,0
DA:80,0
DA:81,0
DA:83,0
DA:84,0
DA:85,0
DA:86,0
DA:88,0
DA:89,0
DA:91,0
DA:92,0
DA:93,0
DA:94,0
DA:95,0
DA:96,0
DA:97,0
DA:99,0
DA:100,0
DA:101,0
DA:102,0
DA:103,0
DA:104,0
DA:105,0
DA:107,0
DA:108,0
DA:109,0
DA:110,0
DA:111,0
DA:112,0
DA:113,0
DA:115,0
DA:116,0
DA:117,0
DA:118,0
DA:119,0
DA:120,0
DA:121,0
DA:123,0
DA:124,0
DA:125,0
DA:126,0
DA:127,0
DA:130,0
DA:131,0
DA:133,0
DA:134,0
DA:135,0
DA:136,0
DA:137,0
DA:138,0
DA:140,0
DA:141,0
DA:142,0
DA:143,0
DA:144,0
DA:145,0
DA:147,0
DA:148,0
DA:149,0
DA:150,0
DA:151,0
DA:152,0
DA:154,0
DA:155,0
DA:156,0
DA:157,0
DA:158,0
DA:159,0
DA:161,0
DA:163,0
LF:135
LH:0
BRDA:1,0,0,0
BRF:1
BRH:0
end_of_record
TN:
SF:src/components/LazyImage.jsx
FN:4,LazyImage
FN:21,IntersectionObserver.rootMargin
FN:61,onLoad
FN:62,onError
FNF:4
FNH:1
FNDA:203,LazyImage
FNDA:0,IntersectionObserver.rootMargin
FNDA:0,onLoad
FNDA:0,onError
DA:1,1
DA:4,203
DA:5,203
DA:6,203
DA:7,203
DA:8,203
DA:9,203
DA:10,203
DA:11,203
DA:12,203
DA:13,203
DA:14,203
DA:15,203
DA:16,203
DA:18,203
DA:19,198
DA:20,198
DA:21,198
DA:22,0
DA:23,0
DA:24,0
DA:25,0
DA:26,0
DA:27,0
DA:28,0
DA:29,198
DA:30,198
DA:31,198
DA:32,198
DA:34,198
DA:35,198
DA:36,198
DA:38,198
DA:39,198
DA:40,198
DA:41,198
DA:42,198
DA:43,203
DA:45,203
DA:46,203
DA:47,203
DA:48,0
DA:49,0
DA:50,0
DA:52,203
DA:53,203
DA:54,203
DA:55,203
DA:56,203
DA:58,203
DA:59,203
DA:60,203
DA:61,203
DA:62,203
DA:63,0
DA:64,0
DA:65,0
DA:66,203
DA:67,203
DA:68,203
DA:69,203
DA:70,203
DA:71,203
DA:72,203
DA:73,203
DA:74,203
DA:75,203
DA:77,203
DA:79,203
LF:69
LH:56
BRDA:4,0,0,203
BRDA:47,1,0,0
BRDA:59,2,0,0
BRDA:68,3,0,0
BRDA:18,4,0,198
BRDA:38,5,0,198
BRF:6
BRH:3
end_of_record
TN:
SF:src/components/Logo.jsx
FN:4,Logo
FNF:1
FNH:1
FNDA:18,Logo
DA:1,1
DA:4,18
DA:5,18
DA:6,18
DA:7,18
DA:8,18
DA:9,18
DA:10,18
DA:11,18
DA:13,18
LF:10
LH:10
BRDA:4,0,0,18
BRF:1
BRH:1
end_of_record
TN:
SF:src/components/Navbar.jsx
FN:10,Navbar
FN:24,onDocClick
FN:58,onScroll
FN:64,measure
FN:141,className
FN:146,aria-current
FN:151,onMouseLeave
FN:159,onClick
FN:160,onKeyDown
FN:198,onClick
FN:207,onMouseLeave
FN:215,onClick
FN:216,onKeyDown
FN:252,onClick
FN:261,onMouseLeave
FN:269,onClick
FN:270,onKeyDown
FN:308,onClick
FN:318,onSubmit
FN:326,onClick
FN:339,onClick
FN:354,onClick
FN:367,onSubmit
FN:402,onClick
FN:420,onClick
FNF:25
FNH:6
FNDA:12,Navbar
FNDA:5,onDocClick
FNDA:0,onScroll
FNDA:3,measure
FNDA:9,className
FNDA:0,aria-current
FNDA:0,onMouseLeave
FNDA:3,onClick
FNDA:2,onKeyDown
FNDA:0,onClick
FNDA:0,onMouseLeave
FNDA:0,onClick
FNDA:0,onKeyDown
FNDA:0,onClick
FNDA:0,onMouseLeave
FNDA:0,onClick
FNDA:0,onKeyDown
FNDA:0,onClick
FNDA:0,onSubmit
FNDA:0,onClick
FNDA:0,onClick
FNDA:0,onClick
FNDA:0,onSubmit
FNDA:0,onClick
FNDA:0,onClick
DA:1,1
DA:10,12
DA:11,12
DA:12,12
DA:13,12
DA:14,12
DA:15,12
DA:16,12
DA:17,12
DA:18,12
DA:19,12
DA:20,12
DA:21,12
DA:23,12
DA:24,9
DA:25,5
DA:26,2
DA:27,2
DA:28,2
DA:29,2
DA:30,2
DA:31,2
DA:32,2
DA:33,2
DA:34,5
DA:35,1
DA:36,1
DA:37,5
DA:38,9
DA:39,9
DA:40,12
DA:42,12
DA:44,9
DA:45,9
DA:46,6
DA:47,6
DA:48,9
DA:49,3
DA:50,3
DA:52,3
DA:53,3
DA:54,3
DA:55,12
DA:57,12
DA:58,3
DA:59,0
DA:61,0
DA:62,0
DA:64,3
DA:65,3
DA:66,3
DA:67,3
DA:68,3
DA:69,3
DA:70,3
DA:71,3
DA:72,3
DA:73,3
DA:74,3
DA:75,3
DA:76,12
DA:77,12
DA:78,12
DA:80,12
DA:81,12
DA:82,12
DA:83,12
DA:84,12
DA:85,12
DA:86,12
DA:87,12
DA:88,12
DA:89,12
DA:90,12
DA:91,12
DA:92,12
DA:93,12
DA:94,12
DA:96,12
DA:97,12
DA:98,12
DA:99,12
DA:100,12
DA:101,12
DA:103,12
DA:104,12
DA:105,12
DA:106,12
DA:107,12
DA:108,12
DA:110,12
DA:111,12
DA:112,12
DA:114,12
DA:115,12
DA:116,12
DA:119,12
DA:120,12
DA:121,12
DA:122,12
DA:123,12
DA:124,12
DA:125,12
DA:126,12
DA:127,12
DA:128,12
DA:131,12
DA:132,12
DA:133,12
DA:134,12
DA:135,12
DA:137,12
DA:138,12
DA:139,12
DA:140,12
DA:141,12
DA:142,9
DA:143,9
DA:144,9
DA:146,12
DA:147,12
DA:149,12
DA:151,12
DA:152,12
DA:153,12
DA:154,12
DA:155,12
DA:156,12
DA:157,12
DA:158,12
DA:159,12
DA:160,12
DA:161,2
DA:162,1
DA:163,1
DA:164,1
DA:165,1
DA:166,1
DA:167,1
DA:168,2
DA:169,12
DA:171,12
DA:172,12
DA:173,12
DA:174,12
DA:176,12
DA:177,12
DA:178,12
DA:179,12
DA:180,12
DA:181,12
DA:182,12
DA:183,12
DA:184,12
DA:185,12
DA:187,12
DA:188,12
DA:189,12
DA:190,12
DA:191,12
DA:192,12
DA:193,48
DA:194,48
DA:195,48
DA:196,48
DA:197,48
DA:198,48
DA:199,48
DA:201,48
DA:202,48
DA:203,12
DA:204,12
DA:205,12
DA:207,12
DA:208,12
DA:209,12
DA:210,12
DA:211,12
DA:212,12
DA:213,12
DA:214,12
DA:215,12
DA:216,12
DA:217,0
DA:218,0
DA:219,0
DA:220,0
DA:221,0
DA:222,0
DA:223,0
DA:224,0
DA:225,12
DA:227,12
DA:228,12
DA:229,12
DA:230,12
DA:232,12
DA:233,12
DA:234,12
DA:235,12
DA:236,12
DA:237,12
DA:238,12
DA:239,12
DA:240,12
DA:241,12
DA:243,12
DA:244,12
DA:245,12
DA:246,12
DA:247,24
DA:248,24
DA:249,24
DA:250,24
DA:251,24
DA:252,24
DA:253,24
DA:255,24
DA:256,24
DA:257,12
DA:258,12
DA:259,12
DA:261,12
DA:262,12
DA:263,12
DA:264,12
DA:265,12
DA:266,12
DA:267,12
DA:268,12
DA:269,12
DA:270,12
DA:271,0
DA:272,0
DA:273,0
DA:274,0
DA:275,0
DA:276,0
DA:277,0
DA:278,0
DA:279,12
DA:281,12
DA:282,12
DA:283,12
DA:284,12
DA:286,12
DA:287,12
DA:288,12
DA:289,12
DA:290,12
DA:291,12
DA:292,12
DA:293,12
DA:294,12
DA:295,12
DA:297,12
DA:298,12
DA:299,12
DA:300,12
DA:301,12
DA:302,12
DA:303,48
DA:304,48
DA:305,48
DA:306,48
DA:307,48
DA:308,48
DA:309,48
DA:311,48
DA:312,48
DA:313,12
DA:314,12
DA:315,12
DA:316,12
DA:317,12
DA:318,12
DA:319,12
DA:320,12
DA:321,12
DA:322,12
DA:323,12
DA:324,12
DA:325,12
DA:326,12
DA:327,12
DA:329,12
DA:330,12
DA:331,12
DA:333,12
DA:334,12
DA:335,12
DA:338,12
DA:339,12
DA:340,12
DA:341,12
DA:343,12
DA:344,12
DA:345,12
DA:346,12
DA:347,12
DA:350,12
DA:351,12
DA:352,12
DA:353,12
DA:354,12
DA:355,12
DA:357,12
DA:358,12
DA:359,12
DA:362,12
DA:363,12
DA:365,12
DA:366,12
DA:367,12
DA:368,0
DA:369,0
DA:370,0
DA:371,12
DA:372,12
DA:375,12
DA:376,12
DA:378,12
DA:379,12
DA:380,12
DA:383,12
DA:384,12
DA:386,12
DA:387,12
DA:388,12
DA:389,12
DA:390,12
DA:391,12
DA:392,12
DA:393,12
DA:394,12
DA:395,12
DA:396,12
DA:397,12
DA:398,12
DA:399,12
DA:400,132
DA:401,132
DA:402,132
DA:403,132
DA:404,132
DA:406,132
DA:407,132
DA:408,12
DA:409,12
DA:412,12
DA:413,12
DA:415,12
DA:416,12
DA:417,12
DA:418,144
DA:419,144
DA:420,144
DA:421,144
DA:422,144
DA:424,144
DA:425,144
DA:426,12
DA:427,12
DA:428,12
DA:429,12
DA:430,12
DA:431,12
DA:432,12
DA:433,12
DA:435,12
LF:370
LH:348
BRDA:10,0,0,12
BRDA:114,1,0,0
BRDA:134,2,0,0
BRDA:173,3,0,6
BRDA:173,4,0,6
BRDA:184,5,0,6
BRDA:184,6,0,6
BRDA:229,7,0,0
BRDA:240,8,0,0
BRDA:283,9,0,0
BRDA:294,10,0,0
BRDA:334,11,0,0
BRDA:340,12,0,0
BRDA:345,13,0,0
BRDA:23,14,0,9
BRDA:24,15,0,5
BRDA:25,16,0,3
BRDA:25,17,0,2
BRDA:32,18,0,0
BRDA:32,19,0,2
BRDA:34,20,0,2
BRDA:34,21,0,1
BRDA:34,22,0,1
BRDA:39,23,0,9
BRDA:42,24,0,9
BRDA:45,25,0,3
BRDA:45,26,0,6
BRDA:46,27,0,0
BRDA:47,28,0,0
BRDA:48,29,0,3
BRDA:52,30,0,3
BRDA:57,31,0,3
BRDA:64,32,0,3
BRDA:72,33,0,3
BRDA:141,34,0,9
BRDA:143,35,0,0
BRDA:159,36,0,3
BRDA:159,37,0,3
BRDA:159,38,0,1
BRDA:159,39,0,2
BRDA:160,40,0,2
BRDA:161,41,0,1
BRDA:161,42,0,1
BRDA:163,43,0,1
BRDA:163,44,0,0
BRDA:166,45,0,1
BRDA:166,46,0,0
BRDA:192,47,0,48
BRDA:246,48,0,24
BRDA:302,49,0,48
BRDA:399,50,0,132
BRDA:417,51,0,144
BRF:52
BRH:37
end_of_record
TN:
SF:src/components/SEO.jsx
FN:67,SEO
FNF:1
FNH:1
FNDA:274,SEO
DA:1,1
DA:5,1
DA:6,1
DA:7,1
DA:8,1
DA:9,1
DA:10,1
DA:11,1
DA:12,1
DA:14,1
DA:15,1
DA:16,1
DA:17,1
DA:18,1
DA:19,1
DA:20,1
DA:21,1
DA:22,1
DA:23,1
DA:24,1
DA:25,1
DA:26,1
DA:27,1
DA:28,1
DA:29,1
DA:30,1
DA:31,1
DA:32,1
DA:33,1
DA:34,1
DA:35,1
DA:36,1
DA:37,1
DA:38,1
DA:39,1
DA:40,1
DA:41,1
DA:42,1
DA:43,1
DA:44,1
DA:45,1
DA:46,1
DA:47,1
DA:48,1
DA:49,1
DA:50,1
DA:51,1
DA:52,1
DA:53,1
DA:54,1
DA:55,1
DA:56,1
DA:57,1
DA:58,1
DA:59,1
DA:60,1
DA:61,1
DA:62,1
DA:63,1
DA:64,1
DA:65,1
DA:67,274
DA:68,274
DA:69,274
DA:70,274
DA:71,274
DA:72,274
DA:73,274
DA:74,274
DA:75,274
DA:76,274
DA:77,274
DA:78,274
DA:79,274
DA:80,274
DA:81,274
DA:82,274
DA:85,274
DA:86,196
DA:87,78
DA:89,274
DA:90,274
DA:91,4
DA:92,270
DA:94,274
DA:96,274
DA:97,274
DA:99,274
DA:100,274
DA:101,274
DA:102,274
DA:103,274
DA:106,274
DA:107,274
DA:108,274
DA:109,274
DA:110,274
DA:111,274
DA:112,274
DA:113,274
DA:114,274
DA:115,2
DA:116,2
DA:119,274
DA:120,274
DA:121,274
DA:122,274
DA:123,274
DA:126,274
DA:127,274
DA:128,274
DA:129,274
DA:130,274
DA:132,274
LF:114
LH:114
BRDA:67,0,0,274
BRDA:78,1,0,8
BRDA:79,2,0,194
BRDA:79,3,0,0
BRDA:80,4,0,196
BRDA:80,5,0,2
BRDA:81,6,0,270
BRDA:82,7,0,0
BRDA:85,8,0,196
BRDA:86,9,0,78
BRDA:90,10,0,4
BRDA:91,11,0,270
BRDA:94,12,0,2
BRDA:94,13,0,0
BRDA:94,14,0,272
BRDA:102,15,0,2
BRDA:103,16,0,1
BRDA:112,17,0,0
BRDA:113,18,0,0
BRDA:114,19,0,2
BRDA:115,20,0,2
BRDA:116,21,0,2
BRF:22
BRH:17
end_of_record
TN:
SF:src/components/ScrollToTop.jsx
FN:4,ScrollToTop
FNF:1
FNH:1
FNDA:9,ScrollToTop
DA:1,1
DA:4,9
DA:5,9
DA:7,9
DA:8,9
DA:9,9
DA:11,9
DA:12,9
LF:8
LH:8
BRDA:4,0,0,9
BRDA:7,1,0,9
BRF:2
BRH:2
end_of_record
TN:
SF:src/components/Search.jsx
FN:6,Search
FN:13,handler
FN:55,onChange
FN:70,onClick
FNF:4
FNH:3
FNDA:36,Search
FNDA:8,handler
FNDA:4,onChange
FNDA:0,onClick
DA:1,1
DA:6,36
DA:7,36
DA:8,36
DA:9,36
DA:10,36
DA:12,36
DA:13,11
DA:14,8
DA:15,8
DA:16,11
DA:17,11
DA:18,36
DA:20,36
DA:21,15
DA:22,7
DA:23,7
DA:24,4
DA:25,4
DA:26,4
DA:27,4
DA:28,4
DA:30,3
DA:31,3
DA:32,57
DA:33,57
DA:34,3
DA:35,3
DA:36,3
DA:37,3
DA:38,3
DA:39,3
DA:40,3
DA:41,3
DA:42,3
DA:43,3
DA:44,3
DA:45,3
DA:46,3
DA:47,15
DA:48,15
DA:49,36
DA:51,36
DA:52,36
DA:53,36
DA:54,36
DA:55,36
DA:56,36
DA:57,36
DA:58,36
DA:59,36
DA:60,36
DA:61,36
DA:62,36
DA:63,3
DA:64,3
DA:65,3
DA:66,18
DA:67,18
DA:68,18
DA:69,18
DA:70,18
DA:72,18
DA:73,18
DA:74,18
DA:75,3
DA:76,3
DA:77,3
DA:79,36
DA:81,36
LF:70
LH:70
BRDA:6,0,0,36
BRDA:62,1,0,3
BRDA:62,2,0,3
BRDA:12,3,0,11
BRDA:13,4,0,8
BRDA:17,5,0,11
BRDA:20,6,0,15
BRDA:21,7,0,7
BRDA:23,8,0,4
BRDA:26,9,0,0
BRDA:28,10,0,3
BRDA:46,11,0,1
BRDA:31,12,0,57
BRDA:42,13,0,72
BRDA:48,14,0,15
BRDA:55,15,0,4
BRDA:65,16,0,18
BRF:17
BRH:16
end_of_record
TN:
SF:src/components/ThemeToggle.jsx
FN:6,ThemeToggle
FNF:1
FNH:1
FNDA:18,ThemeToggle
DA:1,1
DA:6,18
DA:7,18
DA:8,18
DA:9,18
DA:10,18
DA:11,18
DA:12,18
DA:13,18
DA:14,18
DA:15,18
DA:17,18
LF:12
LH:12
BRDA:6,0,0,18
BRDA:13,1,0,0
BRDA:14,2,0,0
BRF:3
BRH:1
end_of_record
TN:
SF:src/components/ads/AdSlot.jsx
FN:3,AdSlot
FN:49,apply
FN:52,onVis
FN:68,IntersectionObserver.threshold
FN:83,onEnter
FN:84,onLeave
FNF:6
FNH:2
FNDA:21,AdSlot
FNDA:7,apply
FNDA:0,onVis
FNDA:0,IntersectionObserver.threshold
FNDA:0,onEnter
FNDA:0,onLeave
DA:1,1
DA:3,21
DA:4,21
DA:5,21
DA:6,21
DA:7,21
DA:8,21
DA:9,21
DA:10,21
DA:11,21
DA:13,21
DA:14,7
DA:15,7
DA:16,7
DA:17,0
DA:18,0
DA:19,0
DA:20,7
DA:21,0
DA:22,0
DA:23,21
DA:25,21
DA:28,21
DA:29,7
DA:30,0
DA:31,0
DA:32,0
DA:33,0
DA:34,0
DA:35,0
DA:36,0
DA:37,0
DA:38,0
DA:39,0
DA:40,0
DA:41,0
DA:42,0
DA:43,0
DA:44,21
DA:47,21
DA:48,7
DA:49,7
DA:50,7
DA:51,7
DA:52,7
DA:54,0
DA:55,0
DA:56,7
DA:57,7
DA:58,7
DA:59,7
DA:60,7
DA:61,21
DA:64,21
DA:65,7
DA:66,7
DA:67,0
DA:68,0
DA:69,0
DA:70,0
DA:71,0
DA:72,0
DA:73,0
DA:74,0
DA:75,0
DA:76,21
DA:79,21
DA:80,7
DA:81,21
DA:83,21
DA:84,21
DA:86,21
DA:87,7
DA:88,7
DA:89,7
DA:90,7
DA:91,21
DA:93,21
DA:96,0
DA:97,0
DA:98,0
DA:99,0
DA:100,0
DA:101,0
DA:102,0
DA:103,0
DA:104,0
DA:106,0
DA:107,0
DA:108,0
DA:109,0
DA:110,0
DA:111,0
DA:112,0
DA:113,0
DA:114,0
DA:116,0
DA:117,0
DA:118,0
DA:119,0
DA:120,0
DA:121,0
DA:122,0
DA:123,0
DA:124,0
DA:126,0
DA:129,0
DA:130,0
DA:132,21
DA:133,21
DA:134,21
DA:135,21
DA:136,21
DA:137,21
DA:138,21
DA:139,21
DA:141,21
DA:142,21
DA:143,21
DA:144,21
DA:145,21
DA:146,21
DA:148,21
DA:149,0
DA:150,0
DA:151,0
DA:152,0
DA:153,0
DA:154,0
DA:155,21
DA:156,0
DA:157,0
DA:158,21
DA:159,21
DA:160,21
DA:162,21
LF:136
LH:68
BRDA:3,0,0,21
BRDA:93,1,0,0
BRDA:137,2,0,0
BRDA:137,3,0,0
BRDA:137,4,0,0
BRDA:138,5,0,0
BRDA:138,6,0,0
BRDA:143,7,0,0
BRDA:148,8,0,0
BRDA:153,9,0,0
BRDA:155,10,0,0
BRDA:156,11,0,0
BRDA:13,12,0,7
BRDA:16,13,0,0
BRDA:20,14,0,0
BRDA:28,15,0,7
BRDA:29,16,0,0
BRDA:47,17,0,7
BRDA:49,18,0,7
BRDA:57,19,0,7
BRDA:64,20,0,7
BRDA:66,21,0,0
BRDA:66,22,0,0
BRDA:79,23,0,7
BRDA:86,24,0,7
BRDA:87,25,0,0
BRDA:89,26,0,2
BRDA:90,27,0,7
BRF:28
BRH:11
end_of_record
TN:
SF:src/components/articles/ArticleCard.jsx
FN:6,ArticleCard
FNF:1
FNH:1
FNDA:169,ArticleCard
DA:1,1
DA:6,169
DA:7,169
DA:8,169
DA:9,169
DA:10,169
DA:11,169
DA:12,169
DA:13,169
DA:14,169
DA:15,169
DA:16,169
DA:17,169
DA:18,169
DA:19,169
DA:20,169
DA:21,169
DA:22,169
DA:23,169
DA:24,169
DA:25,5
DA:26,169
DA:27,169
DA:29,169
DA:30,5
DA:31,5
DA:32,5
DA:33,5
DA:34,5
DA:35,5
DA:36,5
DA:37,5
DA:38,5
DA:40,5
DA:41,5
DA:42,5
DA:43,5
DA:44,5
DA:45,5
DA:46,5
DA:47,5
DA:48,5
DA:49,5
DA:50,5
DA:51,5
DA:52,5
DA:53,5
DA:55,5
DA:56,5
DA:57,5
DA:58,5
DA:59,5
DA:60,5
DA:61,5
DA:62,5
DA:63,5
DA:64,5
DA:65,5
DA:66,5
DA:67,5
DA:68,5
DA:70,5
DA:72,5
DA:74,164
DA:75,164
DA:76,164
DA:77,164
DA:78,164
DA:79,164
DA:80,164
DA:81,164
DA:82,164
DA:83,164
DA:84,164
DA:85,164
DA:86,164
DA:87,164
DA:88,164
DA:89,164
DA:90,164
DA:92,164
DA:94,164
DA:95,164
DA:96,164
DA:97,164
DA:98,164
DA:99,0
DA:100,0
DA:101,0
DA:103,164
DA:104,164
DA:105,164
DA:106,164
DA:107,164
DA:108,164
DA:109,164
DA:110,164
DA:111,164
DA:113,169
DA:115,169
LF:100
LH:97
BRDA:6,0,0,169
BRDA:24,1,0,5
BRDA:29,2,0,5
BRDA:31,3,0,1
BRDA:52,4,0,1
BRDA:52,5,0,4
BRDA:72,6,0,164
BRDA:98,7,0,0
BRDA:104,8,0,0
BRF:9
BRH:7
end_of_record
TN:
SF:src/components/articles/FeaturedArticleRow.jsx
FN:4,FeaturedArticleRow
FNF:1
FNH:1
FNDA:5,FeaturedArticleRow
DA:1,1
DA:4,5
DA:5,5
DA:6,5
DA:7,5
LF:5
LH:5
BRDA:4,0,0,5
BRF:1
BRH:1
end_of_record
TN:
SF:src/components/auth/AuthGate.jsx
FN:7,AuthGate
FNF:1
FNH:0
FNDA:0,AuthGate
DA:1,1
DA:7,0
DA:8,0
DA:9,0
DA:10,0
DA:11,0
DA:12,0
DA:14,0
DA:15,0
DA:16,0
DA:17,0
DA:18,0
DA:19,0
DA:21,0
DA:22,0
DA:23,0
DA:25,0
DA:26,0
DA:27,0
DA:28,0
DA:29,0
DA:30,0
DA:31,0
DA:32,0
DA:33,0
DA:35,0
DA:37,0
DA:38,0
DA:39,0
DA:40,0
DA:41,0
DA:42,0
DA:43,0
DA:44,0
DA:45,0
DA:46,0
DA:48,0
DA:49,0
DA:50,0
DA:51,0
DA:52,0
DA:53,0
DA:54,0
DA:55,0
DA:56,0
DA:58,0
DA:59,0
DA:60,0
DA:61,0
DA:62,0
DA:63,0
DA:64,0
DA:65,0
DA:66,0
DA:67,0
DA:69,0
DA:70,0
DA:71,0
DA:72,0
DA:73,0
DA:74,0
DA:76,0
DA:77,0
DA:78,0
DA:79,0
DA:80,0
DA:81,0
DA:82,0
DA:83,0
DA:85,0
DA:86,0
DA:87,0
DA:88,0
DA:89,0
DA:91,0
LF:75
LH:1
BRF:0
BRH:0
end_of_record
TN:
SF:src/components/charts/TrafficChart.jsx
FN:1,(empty-report)
FNF:1
FNH:0
FNDA:0,(empty-report)
DA:1,0
DA:12,0
DA:13,0
DA:14,0
DA:15,0
DA:16,0
DA:17,0
DA:18,0
DA:19,0
DA:20,0
DA:22,0
DA:23,0
DA:24,0
DA:25,0
DA:26,0
DA:27,0
DA:28,0
DA:29,0
DA:30,0
DA:31,0
DA:32,0
DA:33,0
DA:34,0
DA:35,0
DA:36,0
DA:37,0
DA:38,0
DA:39,0
DA:40,0
DA:41,0
DA:42,0
DA:43,0
DA:44,0
DA:45,0
DA:46,0
DA:47,0
DA:48,0
DA:49,0
DA:50,0
DA:51,0
DA:52,0
DA:54,0
LF:42
LH:0
BRDA:1,0,0,0
BRF:1
BRH:0
end_of_record
TN:
SF:src/components/events/Countdown.jsx
FN:3,Countdown
FN:28,getRemaining
FNF:2
FNH:2
FNDA:1,Countdown
FNDA:1,getRemaining
DA:1,1
DA:3,1
DA:4,1
DA:6,1
DA:7,1
DA:8,1
DA:9,1
DA:11,1
DA:12,1
DA:13,1
DA:15,0
DA:16,0
DA:17,0
DA:18,0
DA:20,0
DA:21,0
DA:22,0
DA:23,0
DA:24,0
DA:26,0
DA:28,1
DA:29,1
DA:30,1
DA:31,1
DA:32,1
DA:33,1
DA:34,1
DA:35,0
DA:36,0
DA:37,0
DA:38,0
DA:39,0
DA:40,0
DA:41,0
DA:42,0
DA:43,1
LF:36
LH:18
BRDA:3,0,0,1
BRDA:11,1,0,0
BRDA:13,2,0,0
BRDA:6,3,0,1
BRDA:8,4,0,1
BRDA:28,5,0,1
BRDA:33,6,0,0
BRDA:34,7,0,0
BRF:8
BRH:4
end_of_record
TN:
SF:src/components/events/EventCard.jsx
FN:8,EventCard
FNF:1
FNH:1
FNDA:6,EventCard
DA:1,1
DA:8,6
DA:9,6
DA:10,6
DA:11,6
DA:12,6
DA:13,6
DA:14,6
DA:15,6
DA:16,6
DA:17,6
DA:18,6
DA:19,6
DA:20,6
DA:21,6
DA:23,6
DA:24,6
DA:25,6
DA:26,6
DA:27,6
DA:28,6
DA:30,6
DA:31,6
DA:32,6
DA:33,6
DA:34,6
DA:35,6
DA:36,6
DA:37,6
DA:38,6
DA:39,6
DA:40,6
DA:41,6
DA:43,6
DA:44,3
DA:46,3
DA:48,6
DA:49,3
DA:51,3
DA:53,6
DA:55,6
DA:56,6
DA:57,6
DA:58,6
DA:59,6
DA:60,6
DA:61,6
DA:62,6
DA:64,6
DA:65,6
DA:66,6
DA:67,6
DA:68,6
DA:69,6
DA:70,6
DA:71,6
DA:72,6
DA:73,6
DA:75,6
DA:76,6
DA:77,3
DA:79,3
DA:81,6
DA:82,3
DA:84,3
DA:86,6
DA:87,6
DA:89,6
LF:68
LH:68
BRDA:8,0,0,6
BRDA:43,1,0,3
BRDA:48,2,0,3
BRDA:76,3,0,3
BRDA:81,4,0,3
BRF:5
BRH:5
end_of_record
TN:
SF:src/components/gallery/GalleryItem.jsx
FN:5,GalleryItem
FN:10,onClick
FN:11,onKeyDown
FNF:3
FNH:1
FNDA:9,GalleryItem
FNDA:0,onClick
FNDA:0,onKeyDown
DA:1,1
DA:5,9
DA:6,9
DA:7,9
DA:8,9
DA:9,9
DA:10,9
DA:11,9
DA:12,0
DA:13,0
DA:14,0
DA:15,0
DA:16,0
DA:17,9
DA:18,9
DA:19,9
DA:20,9
DA:23,9
DA:24,9
DA:25,9
DA:26,9
DA:27,9
DA:28,9
DA:29,9
DA:32,9
DA:33,1
DA:35,1
DA:39,9
DA:40,8
DA:42,8
DA:44,9
DA:47,9
DA:48,9
DA:49,9
DA:50,9
DA:51,9
DA:52,9
DA:53,9
DA:54,9
DA:56,9
DA:57,9
DA:60,9
DA:61,9
DA:62,9
DA:63,9
DA:65,9
LF:46
LH:41
BRDA:5,0,0,9
BRDA:25,1,0,0
BRDA:26,2,0,0
BRDA:32,3,0,1
BRDA:39,4,0,8
BRF:5
BRH:3
end_of_record
TN:
SF:src/components/gallery/Lightbox.jsx
FN:4,Lightbox
FNF:1
FNH:0
FNDA:0,Lightbox
DA:1,1
DA:4,0
DA:5,0
DA:6,0
DA:7,0
DA:8,0
DA:9,0
DA:11,0
DA:12,0
DA:14,0
DA:16,0
DA:17,0
DA:18,0
DA:19,0
DA:20,0
DA:22,0
DA:23,0
DA:24,0
DA:25,0
DA:26,0
DA:27,0
DA:28,0
DA:29,0
DA:30,0
DA:31,0
DA:32,0
DA:33,0
DA:34,0
DA:35,0
DA:36,0
DA:37,0
DA:38,0
DA:39,0
DA:40,0
DA:41,0
DA:42,0
DA:44,0
DA:45,0
DA:48,0
DA:50,0
DA:51,0
DA:52,0
DA:54,0
DA:55,0
DA:56,0
DA:57,0
DA:58,0
DA:60,0
DA:62,0
DA:63,0
DA:64,0
DA:65,0
DA:66,0
DA:67,0
DA:68,0
DA:69,0
DA:70,0
DA:72,0
DA:74,0
DA:75,0
DA:76,0
DA:77,0
DA:78,0
DA:80,0
DA:81,0
DA:84,0
DA:85,0
DA:86,0
DA:87,0
DA:88,0
DA:89,0
DA:91,0
DA:92,0
DA:93,0
DA:94,0
DA:95,0
DA:96,0
DA:98,0
DA:99,0
DA:100,0
DA:104,0
DA:105,0
DA:106,0
DA:107,0
DA:108,0
DA:109,0
DA:110,0
DA:112,0
DA:113,0
DA:114,0
DA:115,0
DA:119,0
DA:120,0
DA:121,0
DA:122,0
DA:123,0
DA:124,0
DA:125,0
DA:127,0
DA:128,0
DA:129,0
DA:130,0
DA:131,0
DA:132,0
DA:133,0
DA:134,0
DA:135,0
DA:136,0
DA:137,0
DA:138,0
DA:140,0
DA:141,0
DA:142,0
DA:143,0
DA:144,0
DA:146,0
DA:147,0
DA:148,0
DA:149,0
DA:151,0
LF:120
LH:1
BRF:0
BRH:0
end_of_record
TN:
SF:src/components/layouts/SidebarLayout.jsx
FN:1,(empty-report)
FNF:1
FNH:0
FNDA:0,(empty-report)
DA:1,0
DA:6,0
DA:7,0
DA:9,0
DA:10,0
DA:11,0
DA:12,0
DA:13,0
DA:14,0
DA:15,0
DA:16,0
DA:17,0
DA:18,0
DA:19,0
DA:20,0
DA:21,0
DA:22,0
DA:23,0
DA:24,0
DA:25,0
DA:26,0
DA:27,0
DA:28,0
DA:29,0
DA:30,0
DA:32,0
DA:33,0
DA:34,0
DA:35,0
DA:37,0
DA:38,0
DA:39,0
DA:40,0
DA:41,0
DA:42,0
DA:43,0
DA:44,0
DA:46,0
LF:38
LH:0
BRDA:1,0,0,0
BRF:1
BRH:0
end_of_record
TN:
SF:src/components/podcasts/PodcastCard.jsx
FN:6,PodcastCard
FNF:1
FNH:1
FNDA:15,PodcastCard
DA:1,1
DA:6,15
DA:7,15
DA:8,15
DA:9,15
DA:10,15
DA:11,15
DA:12,15
DA:13,15
DA:14,15
DA:15,15
DA:16,15
DA:17,15
DA:18,15
DA:19,15
DA:20,15
DA:21,15
DA:22,15
DA:23,15
DA:25,15
DA:26,15
DA:27,15
DA:28,15
DA:29,15
DA:30,15
DA:31,15
DA:32,15
DA:33,15
DA:34,15
DA:35,15
DA:36,15
DA:38,15
DA:39,15
DA:40,15
DA:41,15
DA:42,15
DA:43,15
DA:44,15
DA:45,15
DA:47,15
DA:48,15
DA:49,15
DA:50,15
DA:51,15
DA:52,15
DA:53,15
DA:55,15
LF:47
LH:47
BRDA:6,0,0,15
BRDA:19,1,0,0
BRF:2
BRH:1
end_of_record
TN:
SF:src/components/podcasts/PodcastPlayer.jsx
FN:6,PodcastPlayer
FN:23,updateProgress
FN:38,togglePlay
FN:49,formatTime
FNF:4
FNH:1
FNDA:1,PodcastPlayer
FNDA:0,updateProgress
FNDA:0,togglePlay
FNDA:0,formatTime
DA:1,1
DA:6,1
DA:7,1
DA:8,1
DA:9,1
DA:10,1
DA:11,1
DA:12,1
DA:13,1
DA:14,1
DA:15,1
DA:16,1
DA:17,1
DA:19,1
DA:20,1
DA:21,1
DA:23,1
DA:24,0
DA:25,0
DA:26,0
DA:27,0
DA:29,1
DA:30,1
DA:32,1
DA:33,1
DA:34,1
DA:35,1
DA:36,1
DA:38,1
DA:39,0
DA:40,0
DA:41,0
DA:42,0
DA:43,0
DA:44,0
DA:45,0
DA:46,0
DA:47,0
DA:49,1
DA:50,0
DA:51,0
DA:52,0
DA:53,0
DA:54,0
DA:56,1
DA:57,1
DA:58,1
DA:59,1
DA:60,1
DA:61,1
DA:62,1
DA:64,1
DA:65,1
DA:66,1
DA:67,1
DA:68,1
DA:69,1
DA:70,1
DA:71,1
DA:72,1
DA:73,1
DA:74,1
DA:75,1
DA:77,1
DA:80,1
DA:81,1
DA:82,1
DA:83,1
DA:84,1
DA:85,1
DA:86,1
DA:87,1
DA:89,1
DA:90,1
DA:91,1
DA:92,1
DA:93,0
DA:94,1
DA:95,1
DA:96,1
DA:97,1
DA:98,1
DA:99,1
DA:100,1
DA:101,1
DA:102,1
DA:103,1
DA:104,1
DA:105,1
DA:106,1
DA:108,1
LF:91
LH:72
BRDA:6,0,0,1
BRDA:68,1,0,0
BRDA:68,2,0,0
BRDA:81,3,0,0
BRDA:87,4,0,0
BRDA:89,5,0,0
BRDA:92,6,0,0
BRDA:94,7,0,0
BRDA:19,8,0,1
BRDA:21,9,0,0
BRDA:32,10,0,1
BRF:11
BRH:3
end_of_record
TN:
SF:src/components/sidebar/EventsWidget.jsx
FN:12,EventsWidget
FNF:1
FNH:1
FNDA:4,EventsWidget
DA:1,1
DA:5,1
DA:6,1
DA:7,1
DA:8,1
DA:9,1
DA:10,1
DA:12,4
DA:13,4
DA:14,4
DA:15,4
DA:16,4
DA:17,4
DA:18,4
DA:20,4
DA:21,4
DA:22,4
DA:23,4
DA:24,4
DA:25,4
DA:26,16
DA:27,16
DA:28,16
DA:29,16
DA:31,16
DA:32,16
DA:33,16
DA:34,4
DA:35,4
DA:36,4
DA:37,4
DA:39,4
LF:32
LH:32
BRDA:12,0,0,4
BRDA:25,1,0,16
BRF:2
BRH:2
end_of_record
TN:
SF:src/components/sidebar/NewsletterWidget.jsx
FN:9,NewsletterWidget
FN:22,onChange
FN:28,validate
FN:36,onSubmit
FNF:4
FNH:4
FNDA:35,NewsletterWidget
FNDA:27,onChange
FNDA:2,validate
FNDA:2,onSubmit
DA:1,1
DA:9,35
DA:10,35
DA:11,35
DA:12,35
DA:13,35
DA:14,35
DA:15,35
DA:16,35
DA:17,35
DA:18,35
DA:19,35
DA:20,35
DA:22,35
DA:23,27
DA:24,27
DA:25,27
DA:26,27
DA:28,35
DA:29,2
DA:30,2
DA:31,2
DA:32,1
DA:33,2
DA:34,2
DA:36,35
DA:37,2
DA:38,2
DA:39,2
DA:40,2
DA:41,1
DA:42,1
DA:43,1
DA:44,1
DA:45,1
DA:46,1
DA:47,1
DA:48,1
DA:49,1
DA:50,1
DA:51,1
DA:52,1
DA:53,1
DA:54,1
DA:55,1
DA:56,1
DA:57,1
DA:58,1
DA:59,2
DA:60,0
DA:61,0
DA:62,0
DA:63,0
DA:64,0
DA:65,0
DA:66,2
DA:67,1
DA:68,1
DA:69,2
DA:70,35
DA:71,35
DA:72,35
DA:73,35
DA:74,35
DA:75,35
DA:76,35
DA:79,35
DA:80,35
DA:81,35
DA:82,35
DA:83,35
DA:84,35
DA:85,35
DA:86,35
DA:87,35
DA:88,35
DA:89,35
DA:90,35
DA:91,35
DA:92,1
DA:93,1
DA:94,1
DA:96,34
DA:98,35
DA:99,35
DA:100,35
DA:101,35
DA:102,35
DA:103,35
DA:104,35
DA:105,35
DA:106,35
DA:107,35
DA:108,35
DA:109,35
DA:110,35
DA:111,13
DA:112,13
DA:113,13
DA:115,22
DA:117,35
DA:118,35
DA:119,35
DA:120,35
DA:121,35
DA:122,35
DA:123,35
DA:124,35
DA:125,35
DA:126,35
DA:127,35
DA:128,35
DA:129,35
DA:130,35
DA:131,35
DA:132,35
DA:133,35
DA:134,35
DA:135,35
DA:136,35
DA:137,35
DA:138,35
DA:139,35
DA:140,35
DA:141,35
DA:142,35
DA:143,35
DA:144,35
DA:145,35
DA:147,35
DA:148,35
DA:149,1
DA:151,1
DA:153,35
DA:154,1
DA:156,1
DA:158,35
DA:159,35
DA:160,35
DA:162,35
LF:140
LH:134
BRDA:9,0,0,35
BRDA:88,1,0,34
BRDA:89,2,0,1
BRDA:89,3,0,34
BRDA:91,4,0,1
BRDA:94,5,0,34
BRDA:107,6,0,22
BRDA:108,7,0,13
BRDA:108,8,0,22
BRDA:110,9,0,13
BRDA:113,10,0,22
BRDA:148,11,0,1
BRDA:153,12,0,29
BRDA:153,13,0,1
BRDA:22,14,0,27
BRDA:24,15,0,27
BRDA:25,16,0,27
BRDA:28,17,0,2
BRDA:30,18,0,1
BRDA:31,19,0,1
BRDA:32,20,0,0
BRDA:36,21,0,2
BRDA:40,22,0,1
BRDA:59,23,0,0
BRDA:66,24,0,1
BRF:25
BRH:23
end_of_record
TN:
SF:src/components/sidebar/PodcastWidget.jsx
FN:5,PodcastWidget
FNF:1
FNH:1
FNDA:4,PodcastWidget
DA:1,1
DA:5,4
DA:6,4
DA:7,4
DA:8,4
DA:9,4
DA:10,4
DA:11,4
DA:12,4
DA:13,4
DA:14,4
DA:16,4
DA:17,4
DA:18,4
DA:19,4
DA:21,4
DA:22,4
DA:23,4
DA:25,4
LF:19
LH:19
BRDA:5,0,0,4
BRF:1
BRH:1
end_of_record
TN:
SF:src/components/talent/TalentCard.jsx
FN:6,TalentCard
FNF:1
FNH:1
FNDA:197,TalentCard
DA:1,1
DA:6,197
DA:7,197
DA:8,197
DA:9,197
DA:10,197
DA:11,197
DA:12,197
DA:13,197
DA:14,197
DA:15,197
DA:17,197
DA:18,197
DA:19,197
DA:20,197
DA:21,197
DA:22,197
DA:23,197
DA:24,197
DA:25,197
DA:27,197
DA:28,197
DA:29,196
DA:30,196
DA:31,261
DA:32,261
DA:33,261
DA:34,261
DA:35,261
DA:36,261
DA:38,261
DA:39,261
DA:40,196
DA:41,196
DA:43,197
DA:44,197
DA:46,197
LF:37
LH:37
BRDA:6,0,0,197
BRDA:28,1,0,196
BRDA:30,2,0,261
BRF:3
BRH:3
end_of_record
TN:
SF:src/components/ui/Accordion.jsx
FN:4,Accordion
FN:17,onClick
FNF:2
FNH:2
FNDA:3,Accordion
FNDA:2,onClick
DA:1,1
DA:4,3
DA:5,3
DA:6,3
DA:7,3
DA:8,3
DA:9,6
DA:10,6
DA:11,6
DA:12,6
DA:13,6
DA:15,6
DA:16,6
DA:17,6
DA:18,6
DA:20,6
DA:21,6
DA:22,6
DA:23,6
DA:24,2
DA:25,2
DA:26,2
DA:28,6
DA:30,3
DA:31,3
DA:33,3
LF:26
LH:26
BRDA:4,0,0,3
BRDA:8,1,0,6
BRDA:21,2,0,2
BRDA:21,3,0,4
BRDA:23,4,0,2
BRDA:17,5,0,2
BRDA:17,6,0,0
BRF:7
BRH:6
end_of_record
TN:
SF:src/components/ui/Alert.jsx
FN:1,(empty-report)
FNF:1
FNH:0
FNDA:0,(empty-report)
DA:1,0
DA:4,0
DA:5,0
DA:6,0
DA:7,0
DA:8,0
DA:9,0
DA:11,0
DA:12,0
DA:13,0
DA:14,0
DA:15,0
DA:16,0
DA:18,0
DA:19,0
DA:20,0
DA:22,0
LF:17
LH:0
BRDA:1,0,0,0
BRF:1
BRH:0
end_of_record
TN:
SF:src/components/ui/Badge.jsx
FN:13,Badge
FNF:1
FNH:1
FNDA:408,Badge
DA:1,1
DA:4,1
DA:5,1
DA:6,1
DA:7,1
DA:8,1
DA:9,1
DA:10,1
DA:11,1
DA:13,408
DA:14,408
DA:15,408
DA:16,408
DA:17,408
DA:18,408
DA:19,408
DA:20,408
DA:21,408
DA:23,408
DA:24,408
DA:26,408
LF:21
LH:21
BRDA:13,0,0,408
BRF:1
BRH:1
end_of_record
TN:
SF:src/components/ui/Button.jsx
FN:26,Button
FNF:1
FNH:1
FNDA:502,Button
DA:1,1
DA:4,1
DA:5,1
DA:7,1
DA:8,1
DA:9,1
DA:10,1
DA:11,1
DA:12,1
DA:13,1
DA:14,1
DA:15,1
DA:16,1
DA:17,1
DA:18,1
DA:20,1
DA:21,1
DA:22,1
DA:23,1
DA:24,1
DA:26,502
DA:27,502
DA:28,502
DA:29,502
DA:30,502
DA:31,502
DA:32,502
DA:33,502
DA:34,502
DA:35,502
DA:36,502
DA:37,502
DA:38,502
DA:39,502
DA:40,502
DA:41,502
DA:42,502
DA:43,502
DA:44,502
DA:45,502
DA:47,502
DA:48,4
DA:49,4
DA:50,4
DA:51,4
DA:52,4
DA:53,4
DA:54,4
DA:56,502
DA:57,502
DA:58,502
DA:59,502
DA:61,502
LF:53
LH:53
BRDA:26,0,0,502
BRDA:39,1,0,10
BRDA:39,2,0,492
BRDA:39,3,0,2
BRDA:39,4,0,490
BRDA:43,5,0,498
BRDA:44,6,0,487
BRDA:47,7,0,4
BRDA:56,8,0,498
BRDA:57,9,0,4
BRDA:57,10,0,3
BRDA:57,11,0,498
BRDA:58,12,0,498
BRF:13
BRH:13
end_of_record
TN:
SF:src/components/ui/Card.jsx
FN:17,Card
FN:39,CardHeader
FN:43,CardTitle
FN:47,CardContent
FNF:4
FNH:4
FNDA:747,Card
FNDA:359,CardHeader
FNDA:359,CardTitle
FNDA:361,CardContent
DA:1,1
DA:4,1
DA:5,1
DA:6,1
DA:7,1
DA:8,1
DA:9,1
DA:11,1
DA:12,1
DA:13,1
DA:14,1
DA:15,1
DA:17,1
DA:18,747
DA:19,747
DA:20,747
DA:21,747
DA:22,747
DA:23,747
DA:24,747
DA:25,747
DA:26,747
DA:27,747
DA:28,747
DA:29,747
DA:30,747
DA:31,747
DA:32,747
DA:33,747
DA:35,747
DA:37,1
DA:39,1
DA:40,359
DA:41,359
DA:43,1
DA:44,359
DA:45,359
DA:47,1
DA:48,361
DA:49,361
LF:40
LH:40
BRDA:17,0,0,747
BRDA:39,1,0,359
BRDA:43,2,0,359
BRDA:47,3,0,361
BRF:4
BRH:4
end_of_record
TN:
SF:src/components/ui/ContentRenderer.jsx
FN:4,ContentRenderer
FNF:1
FNH:1
FNDA:2,ContentRenderer
DA:1,1
DA:4,2
DA:5,2
DA:6,2
DA:7,2
DA:8,2
DA:9,2
DA:10,2
DA:11,2
DA:12,2
DA:14,2
LF:11
LH:11
BRDA:4,0,0,2
BRDA:10,1,0,1
BRF:2
BRH:2
end_of_record
TN:
SF:src/components/ui/EmptyState.jsx
FN:4,EmptyState
FNF:1
FNH:1
FNDA:1,EmptyState
DA:1,1
DA:4,1
DA:5,1
DA:6,1
DA:7,1
DA:8,1
DA:9,1
DA:10,1
DA:12,1
DA:13,1
DA:14,1
DA:16,1
LF:12
LH:12
BRDA:4,0,0,1
BRF:1
BRH:1
end_of_record
TN:
SF:src/components/ui/Form.jsx
FN:4,Label
FN:8,HelperText
FN:12,ErrorText
FN:16,Field
FNF:4
FNH:4
FNDA:1420,Label
FNDA:539,HelperText
FNDA:84,ErrorText
FNDA:1420,Field
DA:1,1
DA:4,1
DA:5,1420
DA:6,1420
DA:8,1
DA:9,539
DA:10,539
DA:12,1
DA:13,84
DA:14,84
DA:16,1
DA:17,1420
DA:18,1420
DA:19,1420
DA:20,1420
DA:22,1420
LF:16
LH:16
BRDA:4,0,0,1420
BRDA:8,1,0,539
BRDA:12,2,0,84
BRDA:16,3,0,1420
BRF:4
BRH:4
end_of_record
TN:
SF:src/components/ui/Input.jsx
FN:7,Input
FNF:1
FNH:1
FNDA:1029,Input
DA:1,1
DA:4,1
DA:5,1
DA:7,1029
DA:8,1029
DA:9,1029
LF:6
LH:6
BRDA:7,0,0,1029
BRF:1
BRH:1
end_of_record
TN:
SF:src/components/ui/Modal.jsx
FN:5,Modal
FNF:1
FNH:1
FNDA:2,Modal
DA:1,1
DA:5,2
DA:6,2
DA:7,1
DA:8,1
DA:9,1
DA:10,1
DA:11,1
DA:13,1
DA:14,1
DA:15,1
DA:16,1
DA:17,1
DA:18,1
DA:20,1
DA:21,1
DA:22,2
DA:24,2
DA:25,2
DA:26,2
DA:27,2
DA:28,2
DA:29,2
DA:31,2
LF:24
LH:24
BRDA:5,0,0,2
BRDA:6,1,0,1
BRDA:27,2,0,0
BRF:3
BRH:2
end_of_record
TN:
SF:src/components/ui/RichTextEditor.jsx
FN:1,(empty-report)
FNF:1
FNH:0
FNDA:0,(empty-report)
DA:1,0
DA:12,0
DA:13,0
DA:14,0
DA:15,0
DA:16,0
DA:17,0
DA:18,0
DA:19,0
DA:20,0
DA:21,0
DA:22,0
DA:23,0
DA:24,0
DA:25,0
DA:26,0
DA:27,0
DA:28,0
DA:29,0
DA:30,0
DA:31,0
DA:32,0
DA:34,0
DA:35,0
DA:36,0
DA:37,0
DA:38,0
DA:39,0
DA:41,0
DA:42,0
DA:43,0
DA:44,0
DA:46,0
DA:47,0
DA:48,0
DA:49,0
DA:50,0
DA:51,0
DA:52,0
DA:53,0
DA:55,0
DA:56,0
DA:57,0
DA:58,0
DA:59,0
DA:61,0
DA:63,0
DA:64,0
DA:65,0
DA:66,0
DA:67,0
DA:68,0
DA:69,0
DA:71,0
DA:72,0
DA:73,0
DA:74,0
DA:75,0
DA:77,0
DA:78,0
DA:79,0
DA:80,0
DA:81,0
DA:83,0
DA:84,0
DA:85,0
DA:86,0
DA:87,0
DA:88,0
DA:90,0
DA:91,0
DA:92,0
DA:93,0
DA:94,0
DA:95,0
DA:97,0
DA:98,0
DA:99,0
DA:100,0
DA:101,0
DA:102,0
DA:104,0
DA:105,0
DA:106,0
DA:107,0
DA:108,0
DA:110,0
DA:111,0
DA:112,0
DA:113,0
DA:114,0
DA:116,0
DA:117,0
DA:118,0
DA:119,0
DA:120,0
DA:122,0
DA:123,0
DA:124,0
DA:125,0
DA:126,0
DA:128,0
DA:129,0
DA:130,0
DA:131,0
DA:132,0
DA:134,0
DA:135,0
DA:136,0
DA:137,0
DA:138,0
DA:140,0
DA:141,0
DA:142,0
DA:143,0
DA:144,0
DA:146,0
DA:147,0
DA:149,0
DA:150,0
DA:152,0
DA:153,0
DA:155,0
DA:156,0
DA:157,0
DA:158,0
DA:159,0
DA:160,0
DA:161,0
DA:162,0
DA:163,0
DA:164,0
DA:165,0
DA:166,0
DA:167,0
DA:168,0
DA:169,0
DA:170,0
DA:171,0
DA:172,0
DA:173,0
DA:174,0
DA:175,0
DA:177,0
DA:178,0
DA:179,0
DA:180,0
DA:181,0
DA:182,0
DA:184,0
LF:150
LH:0
BRDA:1,0,0,0
BRF:1
BRH:0
end_of_record
TN:
SF:src/components/ui/Select.jsx
FN:7,Select
FNF:1
FNH:1
FNDA:262,Select
DA:1,1
DA:4,1
DA:5,1
DA:7,262
DA:8,262
DA:9,262
DA:10,262
DA:11,262
DA:12,262
DA:13,262
DA:15,262
DA:16,262
DA:18,262
LF:13
LH:13
BRDA:7,0,0,262
BRF:1
BRH:1
end_of_record
TN:
SF:src/components/ui/Skeleton.jsx
FN:4,Skeleton
FNF:1
FNH:1
FNDA:72,Skeleton
DA:1,1
DA:4,72
DA:5,72
DA:6,72
DA:7,72
DA:8,72
DA:9,72
DA:10,72
DA:11,72
DA:12,72
DA:13,72
DA:15,72
LF:12
LH:12
BRDA:4,0,0,72
BRF:1
BRH:1
end_of_record
TN:
SF:src/components/ui/Table.jsx
FN:1,(empty-report)
FNF:1
FNH:0
FNDA:0,(empty-report)
DA:1,0
DA:4,0
DA:5,0
DA:6,0
DA:7,0
DA:8,0
DA:9,0
DA:10,0
DA:12,0
DA:13,0
DA:14,0
DA:15,0
DA:16,0
DA:17,0
DA:18,0
DA:20,0
DA:21,0
DA:22,0
DA:23,0
DA:24,0
DA:25,0
DA:26,0
DA:27,0
DA:28,0
DA:29,0
DA:30,0
DA:31,0
DA:32,0
DA:33,0
DA:34,0
DA:35,0
DA:36,0
DA:37,0
DA:39,0
LF:34
LH:0
BRDA:1,0,0,0
BRF:1
BRH:0
end_of_record
TN:
SF:src/components/ui/Tabs.jsx
FN:4,Tabs
FN:19,onClick
FNF:2
FNH:2
FNDA:4,Tabs
FNDA:1,onClick
DA:1,1
DA:4,1
DA:5,4
DA:6,4
DA:7,4
DA:8,4
DA:9,8
DA:10,8
DA:11,8
DA:12,8
DA:13,8
DA:14,8
DA:15,8
DA:16,4
DA:17,4
DA:18,8
DA:19,8
DA:21,8
DA:22,8
DA:24,4
DA:25,4
DA:26,4
DA:27,4
DA:28,8
DA:29,8
DA:30,8
DA:31,4
DA:32,4
DA:33,4
DA:35,4
LF:30
LH:30
BRDA:4,0,0,4
BRDA:8,1,0,8
BRDA:15,2,0,4
BRDA:16,3,0,4
BRDA:19,4,0,1
BRDA:27,5,0,8
BRF:6
BRH:6
end_of_record
TN:
SF:src/components/ui/Textarea.jsx
FN:7,Textarea
FNF:1
FNH:1
FNDA:181,Textarea
DA:1,1
DA:4,1
DA:5,1
DA:7,181
DA:8,181
DA:9,181
LF:6
LH:6
BRDA:7,0,0,181
BRF:1
BRH:1
end_of_record
TN:
SF:src/components/ui/TipTapEditor.jsx
FN:1,(empty-report)
FNF:1
FNH:0
FNDA:0,(empty-report)
DA:1,0
DA:13,0
DA:14,0
DA:15,0
DA:16,0
DA:17,0
DA:18,0
DA:19,0
DA:20,0
DA:21,0
DA:22,0
DA:23,0
DA:24,0
DA:25,0
DA:26,0
DA:27,0
DA:28,0
DA:29,0
DA:30,0
DA:31,0
DA:32,0
DA:33,0
DA:34,0
DA:35,0
DA:36,0
DA:37,0
DA:38,0
DA:39,0
DA:41,0
DA:42,0
DA:43,0
DA:44,0
DA:45,0
DA:46,0
DA:48,0
DA:49,0
DA:50,0
DA:51,0
DA:53,0
DA:54,0
DA:55,0
DA:56,0
DA:57,0
DA:58,0
DA:59,0
DA:60,0
DA:61,0
DA:62,0
DA:63,0
DA:64,0
DA:66,0
DA:68,0
DA:69,0
DA:70,0
DA:71,0
DA:72,0
DA:73,0
DA:74,0
DA:75,0
DA:76,0
DA:78,0
DA:79,0
DA:80,0
DA:81,0
DA:82,0
DA:83,0
DA:84,0
DA:86,0
DA:87,0
DA:88,0
DA:89,0
DA:90,0
DA:91,0
DA:92,0
DA:94,0
DA:95,0
DA:96,0
DA:97,0
DA:98,0
DA:99,0
DA:100,0
DA:101,0
DA:103,0
DA:104,0
DA:105,0
DA:106,0
DA:107,0
DA:108,0
DA:109,0
DA:111,0
DA:112,0
DA:113,0
DA:114,0
DA:115,0
DA:116,0
DA:117,0
DA:119,0
DA:120,0
DA:121,0
DA:122,0
DA:123,0
DA:124,0
DA:125,0
DA:127,0
DA:128,0
DA:129,0
DA:130,0
DA:131,0
DA:132,0
DA:134,0
DA:135,0
DA:136,0
DA:137,0
DA:138,0
DA:139,0
DA:140,0
DA:142,0
DA:143,0
DA:144,0
DA:145,0
DA:146,0
DA:147,0
DA:149,0
DA:150,0
DA:151,0
DA:152,0
DA:153,0
DA:154,0
DA:156,0
DA:157,0
DA:158,0
DA:160,0
DA:161,0
DA:163,0
DA:164,0
DA:165,0
DA:167,0
DA:168,0
DA:170,0
DA:171,0
DA:173,0
DA:174,0
DA:175,0
DA:176,0
DA:177,0
DA:178,0
DA:179,0
DA:181,0
LF:148
LH:0
BRDA:1,0,0,0
BRF:1
BRH:0
end_of_record
TN:
SF:src/components/ui/Toast.jsx
FN:12,ToastViewport
FN:30,onClick
FNF:2
FNH:1
FNDA:10,ToastViewport
FNDA:0,onClick
DA:1,1
DA:5,1
DA:6,1
DA:7,1
DA:8,1
DA:9,1
DA:10,1
DA:12,10
DA:13,10
DA:14,10
DA:15,10
DA:16,10
DA:17,5
DA:18,5
DA:19,5
DA:20,5
DA:21,5
DA:23,5
DA:25,5
DA:26,5
DA:27,5
DA:28,5
DA:29,5
DA:30,5
DA:32,5
DA:33,5
DA:34,5
DA:35,10
DA:36,10
DA:38,10
LF:30
LH:30
BRDA:12,0,0,10
BRDA:16,1,0,5
BRDA:21,2,0,0
BRF:3
BRH:2
end_of_record
TN:
SF:src/components/ui/Typography.jsx
FN:4,H1
FN:8,H2
FN:12,Muted
FNF:3
FNH:3
FNDA:273,H1
FNDA:26,H2
FNDA:392,Muted
DA:1,1
DA:4,1
DA:5,273
DA:6,273
DA:8,1
DA:9,26
DA:10,26
DA:12,1
DA:13,392
DA:14,392
LF:10
LH:10
BRDA:4,0,0,273
BRDA:8,1,0,26
BRDA:12,2,0,392
BRF:3
BRH:3
end_of_record
TN:
SF:src/constants/categories.js
FNF:0
FNH:0
DA:1,1
DA:2,1
DA:3,1
DA:4,1
DA:5,1
DA:6,1
DA:7,1
DA:8,1
DA:9,1
DA:10,1
DA:11,1
DA:12,1
DA:13,1
DA:14,1
DA:15,1
DA:16,1
DA:17,1
DA:18,1
DA:19,1
DA:20,1
DA:21,1
LF:21
LH:21
BRF:0
BRH:0
end_of_record
TN:
SF:src/context/ThemeContext.jsx
FN:3,toggleTheme
FN:5,ThemeProvider
FN:17,toggleTheme
FN:24,useTheme
FNF:4
FNH:3
FNDA:0,toggleTheme
FNDA:41,ThemeProvider
FNDA:2,toggleTheme
FNDA:24,useTheme
DA:1,1
DA:3,1
DA:5,1
DA:6,41
DA:7,39
DA:8,39
DA:9,41
DA:11,41
DA:12,41
DA:13,41
DA:14,41
DA:16,41
DA:17,41
DA:18,41
DA:19,41
DA:21,41
DA:22,41
DA:24,1
DA:25,24
DA:26,24
LF:20
LH:20
BRDA:5,0,0,41
BRDA:6,1,0,39
BRDA:7,2,0,0
BRDA:8,3,0,38
BRDA:11,4,0,41
BRDA:17,5,0,41
BRDA:17,6,0,2
BRDA:17,7,0,2
BRDA:17,8,0,1
BRDA:17,9,0,1
BRDA:24,10,0,24
BRF:11
BRH:10
end_of_record
TN:
SF:src/context/ToastContext.jsx
FN:3,showToast
FN:3,removeToast
FN:7,ToastProvider
FN:34,useToast
FNF:4
FNH:2
FNDA:0,showToast
FNDA:0,removeToast
FNDA:50,ToastProvider
FNDA:301,useToast
DA:1,1
DA:3,1
DA:5,1
DA:7,1
DA:8,50
DA:10,50
DA:11,5
DA:12,50
DA:14,50
DA:15,50
DA:16,9
DA:17,9
DA:18,9
DA:19,9
DA:20,9
DA:21,9
DA:22,9
DA:23,50
DA:24,50
DA:26,50
DA:27,50
DA:28,50
DA:29,50
DA:31,50
DA:32,50
DA:34,1
DA:35,301
DA:36,301
LF:28
LH:28
BRDA:7,0,0,50
BRDA:10,1,0,5
BRDA:11,2,0,4
BRDA:11,3,0,4
BRDA:15,4,0,9
BRDA:18,5,0,9
BRDA:20,6,0,5
BRDA:27,7,0,50
BRDA:34,8,0,301
BRF:9
BRH:9
end_of_record
TN:
SF:src/data/categories.js
FN:1,(empty-report)
FNF:1
FNH:0
FNDA:0,(empty-report)
DA:1,0
DA:2,0
DA:3,0
DA:4,0
DA:5,0
DA:6,0
DA:7,0
DA:8,0
DA:9,0
DA:10,0
DA:11,0
DA:12,0
DA:13,0
DA:14,0
DA:15,0
DA:16,0
DA:17,0
DA:18,0
DA:19,0
DA:20,0
DA:21,0
DA:22,0
LF:22
LH:0
BRDA:1,0,0,0
BRF:1
BRH:0
end_of_record
TN:
SF:src/data/mockArticles.js
FN:49,generateArticleGrid
FN:63,filterByTag
FN:89,getInsightTechThursdays
FN:101,getVideoInterviews
FNF:4
FNH:3
FNDA:8,generateArticleGrid
FNDA:0,filterByTag
FNDA:4,getInsightTechThursdays
FNDA:4,getVideoInterviews
DA:1,1
DA:2,1
DA:3,1
DA:4,1
DA:5,1
DA:6,1
DA:7,1
DA:8,1
DA:9,1
DA:10,1
DA:11,1
DA:12,1
DA:13,1
DA:14,1
DA:15,1
DA:16,1
DA:17,1
DA:18,1
DA:19,1
DA:20,1
DA:21,1
DA:22,1
DA:23,1
DA:24,1
DA:25,1
DA:26,1
DA:27,1
DA:28,1
DA:29,1
DA:30,1
DA:31,1
DA:32,1
DA:33,1
DA:34,1
DA:35,1
DA:36,1
DA:37,1
DA:38,1
DA:39,1
DA:40,1
DA:41,1
DA:42,1
DA:43,1
DA:44,1
DA:45,1
DA:46,1
DA:48,1
DA:49,1
DA:50,8
DA:51,8
DA:52,107
DA:53,107
DA:54,107
DA:55,107
DA:56,107
DA:57,107
DA:58,107
DA:59,8
DA:60,8
DA:62,1
DA:63,1
DA:64,1
DA:66,1
DA:67,1
DA:68,48
DA:69,48
DA:70,48
DA:71,48
DA:72,48
DA:73,48
DA:74,48
DA:75,1
DA:77,1
DA:78,36
DA:79,36
DA:80,36
DA:81,36
DA:82,36
DA:83,36
DA:84,36
DA:85,36
DA:86,1
DA:88,1
DA:89,1
DA:90,4
DA:91,4
DA:92,4
DA:93,0
DA:94,0
DA:95,0
DA:96,0
DA:97,0
DA:98,0
DA:99,0
DA:101,1
DA:102,4
DA:103,4
DA:104,0
DA:105,0
DA:106,0
DA:107,0
DA:108,0
DA:109,0
DA:110,0
LF:104
LH:90
BRDA:49,0,0,8
BRDA:51,1,0,107
BRDA:58,2,0,54
BRDA:58,3,0,53
BRDA:67,4,0,48
BRDA:77,5,0,36
BRDA:89,6,0,4
BRDA:92,7,0,0
BRDA:101,8,0,4
BRDA:103,9,0,0
BRF:10
BRH:8
end_of_record
TN:
SF:src/data/mockEvents.js
FN:88,getUpcomingEvents
FN:91,getPastEvents
FN:94,formatEventDate
FN:104,formatEventDateRange
FNF:4
FNH:4
FNDA:1,getUpcomingEvents
FNDA:1,getPastEvents
FNDA:2,formatEventDate
FNDA:6,formatEventDateRange
DA:1,1
DA:2,1
DA:3,1
DA:4,1
DA:5,1
DA:6,1
DA:7,1
DA:8,1
DA:9,1
DA:10,1
DA:11,1
DA:12,1
DA:13,1
DA:14,1
DA:15,1
DA:16,1
DA:17,1
DA:18,1
DA:19,1
DA:20,1
DA:21,1
DA:22,1
DA:23,1
DA:24,1
DA:25,1
DA:26,1
DA:27,1
DA:28,1
DA:29,1
DA:30,1
DA:31,1
DA:32,1
DA:33,1
DA:34,1
DA:35,1
DA:36,1
DA:37,1
DA:38,1
DA:39,1
DA:40,1
DA:41,1
DA:42,1
DA:43,1
DA:44,1
DA:45,1
DA:46,1
DA:47,1
DA:48,1
DA:49,1
DA:50,1
DA:51,1
DA:52,1
DA:53,1
DA:54,1
DA:55,1
DA:56,1
DA:57,1
DA:58,1
DA:59,1
DA:60,1
DA:61,1
DA:62,1
DA:63,1
DA:64,1
DA:65,1
DA:66,1
DA:67,1
DA:68,1
DA:69,1
DA:70,1
DA:71,1
DA:72,1
DA:73,1
DA:74,1
DA:75,1
DA:76,1
DA:77,1
DA:78,1
DA:79,1
DA:80,1
DA:81,1
DA:82,1
DA:83,1
DA:84,1
DA:85,1
DA:86,1
DA:88,1
DA:89,1
DA:91,1
DA:92,1
DA:94,1
DA:95,2
DA:96,2
DA:97,2
DA:98,2
DA:99,2
DA:100,2
DA:101,2
DA:102,2
DA:104,1
DA:105,6
DA:106,6
DA:107,6
DA:108,2
DA:109,2
DA:110,4
DA:111,4
LF:107
LH:107
BRDA:88,0,0,1
BRDA:89,1,0,6
BRDA:89,2,0,2
BRDA:91,3,0,1
BRDA:92,4,0,6
BRDA:92,5,0,2
BRDA:94,6,0,2
BRDA:104,7,0,6
BRDA:107,8,0,2
BRDA:109,9,0,4
BRF:10
BRH:10
end_of_record
TN:
SF:src/data/mockGallery.js
FN:94,getGalleryByEvent
FN:97,getGalleryByCategory
FN:100,getAllEvents
FN:102,getAllCategories
FNF:4
FNH:2
FNDA:0,getGalleryByEvent
FNDA:0,getGalleryByCategory
FNDA:1,getAllEvents
FNDA:1,getAllCategories
DA:1,1
DA:2,1
DA:3,1
DA:4,1
DA:5,1
DA:6,1
DA:7,1
DA:8,1
DA:9,1
DA:10,1
DA:11,1
DA:12,1
DA:13,1
DA:14,1
DA:15,1
DA:16,1
DA:17,1
DA:18,1
DA:19,1
DA:20,1
DA:21,1
DA:22,1
DA:23,1
DA:24,1
DA:25,1
DA:26,1
DA:27,1
DA:28,1
DA:29,1
DA:30,1
DA:31,1
DA:32,1
DA:33,1
DA:34,1
DA:35,1
DA:36,1
DA:37,1
DA:38,1
DA:39,1
DA:40,1
DA:41,1
DA:42,1
DA:43,1
DA:44,1
DA:45,1
DA:46,1
DA:47,1
DA:48,1
DA:49,1
DA:50,1
DA:51,1
DA:52,1
DA:53,1
DA:54,1
DA:55,1
DA:56,1
DA:57,1
DA:58,1
DA:59,1
DA:60,1
DA:61,1
DA:62,1
DA:63,1
DA:64,1
DA:65,1
DA:66,1
DA:67,1
DA:68,1
DA:69,1
DA:70,1
DA:71,1
DA:72,1
DA:73,1
DA:74,1
DA:75,1
DA:76,1
DA:77,1
DA:78,1
DA:79,1
DA:80,1
DA:81,1
DA:82,1
DA:83,1
DA:84,1
DA:85,1
DA:86,1
DA:87,1
DA:88,1
DA:89,1
DA:90,1
DA:91,1
DA:92,1
DA:94,1
DA:95,1
DA:97,1
DA:98,1
DA:100,1
DA:102,1
LF:98
LH:98
BRDA:100,0,0,1
BRDA:100,1,0,9
BRDA:102,2,0,1
BRDA:102,3,0,9
BRF:4
BRH:4
end_of_record
TN:
SF:src/data/mockPodcasts.js
FN:64,generatePodcastGrid
FNF:1
FNH:1
FNDA:2,generatePodcastGrid
DA:1,1
DA:2,1
DA:3,1
DA:4,1
DA:5,1
DA:6,1
DA:7,1
DA:8,1
DA:9,1
DA:10,1
DA:11,1
DA:12,1
DA:13,1
DA:14,1
DA:15,1
DA:16,1
DA:17,1
DA:18,1
DA:19,1
DA:20,1
DA:21,1
DA:22,1
DA:23,1
DA:24,1
DA:25,1
DA:26,1
DA:27,1
DA:28,1
DA:29,1
DA:30,1
DA:31,1
DA:32,1
DA:33,1
DA:34,1
DA:35,1
DA:36,1
DA:37,1
DA:38,1
DA:39,1
DA:40,1
DA:41,1
DA:42,1
DA:43,1
DA:44,1
DA:45,1
DA:46,1
DA:47,1
DA:48,1
DA:49,1
DA:50,1
DA:51,1
DA:52,1
DA:53,1
DA:54,1
DA:55,1
DA:56,1
DA:57,1
DA:58,1
DA:59,1
DA:60,1
DA:61,1
DA:62,1
DA:64,1
DA:65,2
DA:66,2
DA:67,15
DA:68,15
DA:69,15
DA:70,15
DA:71,15
DA:72,15
DA:73,2
DA:74,2
LF:73
LH:73
BRDA:64,0,0,2
BRDA:66,1,0,15
BRF:2
BRH:2
end_of_record
TN:
SF:src/data/mockTalents.js
FN:28,getTalentCategories
FNF:1
FNH:1
FNDA:66,getTalentCategories
DA:1,1
DA:2,1
DA:3,1
DA:4,1
DA:5,1
DA:6,1
DA:7,1
DA:8,1
DA:9,1
DA:10,1
DA:11,1
DA:12,1
DA:13,1
DA:14,1
DA:15,1
DA:16,1
DA:17,1
DA:18,1
DA:19,1
DA:20,1
DA:21,1
DA:22,1
DA:23,1
DA:24,1
DA:25,1
DA:26,1
DA:28,1
LF:27
LH:27
BRDA:28,0,0,66
BRF:1
BRH:1
end_of_record
TN:
SF:src/data/mockTraining.js
FN:130,getPastTrainings
FN:131,getPastCourses
FN:132,getUpcomingTrainings
FN:133,getUpcomingCourses
FNF:4
FNH:4
FNDA:7,getPastTrainings
FNDA:7,getPastCourses
FNDA:7,getUpcomingTrainings
FNDA:7,getUpcomingCourses
DA:1,1
DA:2,1
DA:3,1
DA:4,1
DA:5,1
DA:6,1
DA:7,1
DA:8,1
DA:9,1
DA:10,1
DA:11,1
DA:12,1
DA:13,1
DA:14,1
DA:15,1
DA:16,1
DA:17,1
DA:18,1
DA:19,1
DA:20,1
DA:21,1
DA:22,1
DA:23,1
DA:24,1
DA:25,1
DA:26,1
DA:27,1
DA:28,1
DA:29,1
DA:30,1
DA:31,1
DA:32,1
DA:33,1
DA:34,1
DA:35,1
DA:36,1
DA:37,1
DA:38,1
DA:39,1
DA:40,1
DA:41,1
DA:42,1
DA:43,1
DA:44,1
DA:45,1
DA:46,1
DA:47,1
DA:48,1
DA:49,1
DA:51,1
DA:52,1
DA:53,1
DA:54,1
DA:55,1
DA:56,1
DA:57,1
DA:58,1
DA:59,1
DA:60,1
DA:61,1
DA:62,1
DA:63,1
DA:64,1
DA:65,1
DA:66,1
DA:67,1
DA:68,1
DA:69,1
DA:70,1
DA:71,1
DA:72,1
DA:73,1
DA:74,1
DA:75,1
DA:76,1
DA:77,1
DA:78,1
DA:79,1
DA:80,1
DA:81,1
DA:82,1
DA:83,1
DA:84,1
DA:85,1
DA:86,1
DA:87,1
DA:88,1
DA:89,1
DA:90,1
DA:91,1
DA:92,1
DA:93,1
DA:94,1
DA:95,1
DA:96,1
DA:97,1
DA:98,1
DA:99,1
DA:100,1
DA:102,1
DA:103,1
DA:104,1
DA:105,1
DA:106,1
DA:107,1
DA:108,1
DA:109,1
DA:110,1
DA:111,1
DA:112,1
DA:113,1
DA:114,1
DA:116,1
DA:117,1
DA:118,1
DA:119,1
DA:120,1
DA:121,1
DA:122,1
DA:123,1
DA:124,1
DA:125,1
DA:126,1
DA:127,1
DA:128,1
DA:130,1
DA:131,1
DA:132,1
DA:133,1
LF:129
LH:129
BRDA:130,0,0,7
BRDA:131,1,0,7
BRDA:132,2,0,7
BRDA:133,3,0,7
BRF:4
BRH:4
end_of_record
TN:
SF:src/lib/cn.js
FN:1,cn
FNF:1
FNH:1
FNDA:9070,cn
DA:1,1
DA:2,9070
DA:3,9070
LF:3
LH:3
BRDA:1,0,0,9070
BRF:1
BRH:1
end_of_record
TN:
SF:src/lib/newsletter.js
FN:1,subscribeNewsletter
FN:3,delay
FNF:2
FNH:2
FNDA:3,subscribeNewsletter
FNDA:3,delay
DA:1,1
DA:2,3
DA:3,3
DA:4,3
DA:6,3
DA:7,3
DA:8,3
DA:9,3
DA:10,3
DA:11,1
DA:12,1
DA:13,1
DA:14,1
DA:16,3
DA:17,1
DA:18,1
DA:19,1
DA:20,1
DA:22,1
DA:23,1
LF:20
LH:20
BRDA:1,0,0,3
BRDA:7,1,0,0
BRDA:8,2,0,1
BRDA:10,3,0,2
BRDA:10,4,0,1
BRDA:14,5,0,2
BRDA:16,6,0,1
BRDA:3,7,0,3
BRDA:3,8,0,3
BRF:9
BRH:8
end_of_record
TN:
SF:src/pages/About.jsx
FN:7,About
FNF:1
FNH:1
FNDA:1,About
DA:1,1
DA:7,1
DA:8,1
DA:9,1
DA:10,1
DA:11,1
DA:12,1
DA:13,1
DA:14,1
DA:15,1
DA:16,1
DA:17,1
DA:18,1
DA:19,1
DA:20,1
DA:21,1
DA:22,1
DA:23,1
DA:24,1
DA:25,1
DA:26,1
DA:27,1
DA:28,1
DA:29,1
DA:30,1
DA:32,1
DA:33,1
DA:34,1
DA:35,1
DA:36,1
DA:37,1
DA:39,1
DA:40,1
DA:41,1
DA:42,1
DA:43,1
DA:44,1
DA:45,1
DA:47,1
DA:48,1
DA:49,1
DA:50,1
DA:51,1
DA:52,1
DA:53,1
DA:54,1
DA:55,1
DA:56,1
DA:57,1
DA:58,1
DA:59,1
DA:60,1
DA:61,1
DA:62,1
DA:63,1
DA:65,1
DA:66,1
DA:67,1
DA:68,1
DA:70,1
DA:71,1
DA:72,1
DA:81,1
DA:82,1
DA:85,1
DA:86,1
DA:87,1
DA:88,1
DA:93,1
DA:94,1
DA:95,1
DA:96,1
DA:97,1
DA:102,1
DA:103,1
DA:104,1
DA:107,1
DA:108,1
DA:109,1
DA:110,1
DA:111,6
DA:112,6
DA:113,6
DA:114,6
DA:115,6
DA:116,6
DA:118,6
DA:119,6
DA:120,6
DA:121,6
DA:122,6
DA:123,6
DA:124,6
DA:125,6
DA:127,1
DA:128,1
DA:129,1
DA:132,1
DA:133,1
DA:134,1
DA:135,1
DA:136,1
DA:137,1
DA:140,1
DA:141,1
DA:142,1
DA:143,1
DA:144,1
DA:147,1
DA:148,1
DA:149,1
DA:150,1
DA:151,1
DA:154,1
DA:155,1
DA:156,1
DA:157,1
DA:160,1
DA:161,1
DA:162,1
DA:163,1
DA:164,3
DA:165,3
DA:166,3
DA:167,3
DA:169,3
DA:170,3
DA:171,3
DA:172,3
DA:173,3
DA:174,3
DA:175,3
DA:176,3
DA:177,3
DA:178,3
DA:179,3
DA:180,3
DA:181,1
DA:182,1
DA:183,1
DA:186,1
DA:187,1
DA:188,1
DA:191,1
DA:192,1
DA:193,1
DA:194,1
DA:195,1
DA:196,1
DA:198,1
DA:199,1
DA:200,1
DA:201,1
DA:202,1
DA:204,1
DA:205,1
DA:206,1
DA:207,1
DA:208,1
DA:210,1
LF:160
LH:160
BRDA:7,0,0,1
BRDA:110,1,0,6
BRDA:163,2,0,3
BRDA:173,3,0,8
BRF:4
BRH:4
end_of_record
TN:
SF:src/pages/Admin.jsx
FN:1,(empty-report)
FNF:1
FNH:0
FNDA:0,(empty-report)
DA:1,0
DA:34,0
DA:35,0
DA:36,0
DA:37,0
DA:38,0
DA:39,0
DA:40,0
DA:41,0
DA:42,0
DA:43,0
DA:44,0
DA:45,0
DA:46,0
DA:48,0
DA:49,0
DA:50,0
DA:51,0
DA:52,0
DA:53,0
DA:54,0
DA:55,0
DA:56,0
DA:57,0
DA:58,0
DA:59,0
DA:60,0
DA:61,0
DA:62,0
DA:65,0
DA:66,0
DA:67,0
DA:68,0
DA:69,0
DA:70,0
DA:71,0
DA:72,0
DA:73,0
DA:74,0
DA:75,0
DA:76,0
DA:79,0
DA:80,0
DA:81,0
DA:82,0
DA:83,0
DA:84,0
DA:85,0
DA:86,0
DA:87,0
DA:88,0
DA:89,0
DA:90,0
DA:91,0
DA:92,0
DA:93,0
DA:94,0
DA:95,0
DA:96,0
DA:97,0
DA:98,0
DA:99,0
DA:100,0
DA:101,0
DA:102,0
DA:103,0
DA:104,0
DA:105,0
DA:106,0
DA:107,0
DA:110,0
DA:111,0
DA:112,0
DA:113,0
DA:114,0
DA:115,0
DA:117,0
DA:118,0
DA:119,0
DA:120,0
DA:121,0
DA:122,0
DA:123,0
DA:124,0
DA:125,0
DA:126,0
DA:127,0
DA:128,0
DA:129,0
DA:130,0
DA:131,0
DA:132,0
DA:133,0
DA:134,0
DA:136,0
DA:137,0
DA:140,0
DA:141,0
DA:142,0
DA:143,0
DA:144,0
DA:145,0
DA:148,0
DA:149,0
DA:150,0
DA:151,0
DA:152,0
DA:153,0
DA:154,0
DA:155,0
DA:156,0
DA:157,0
DA:158,0
DA:160,0
DA:161,0
DA:162,0
DA:163,0
DA:164,0
DA:165,0
DA:166,0
DA:167,0
DA:168,0
DA:169,0
DA:170,0
DA:171,0
DA:172,0
DA:173,0
DA:174,0
DA:175,0
DA:177,0
DA:178,0
DA:179,0
DA:180,0
DA:181,0
DA:182,0
DA:183,0
DA:184,0
DA:185,0
DA:186,0
DA:188,0
DA:189,0
DA:190,0
DA:191,0
DA:192,0
DA:193,0
DA:194,0
DA:195,0
DA:196,0
DA:197,0
DA:198,0
DA:199,0
DA:200,0
DA:201,0
DA:202,0
DA:203,0
DA:204,0
DA:205,0
DA:206,0
DA:207,0
DA:208,0
DA:209,0
DA:210,0
DA:211,0
DA:212,0
DA:213,0
DA:214,0
DA:217,0
DA:218,0
DA:219,0
DA:220,0
DA:221,0
DA:222,0
DA:223,0
DA:224,0
DA:225,0
DA:226,0
DA:227,0
DA:228,0
DA:229,0
DA:230,0
DA:231,0
DA:232,0
DA:233,0
DA:236,0
DA:237,0
DA:238,0
DA:239,0
DA:240,0
DA:241,0
DA:242,0
DA:243,0
DA:244,0
DA:245,0
DA:246,0
DA:249,0
DA:250,0
DA:251,0
DA:252,0
DA:253,0
DA:254,0
DA:255,0
DA:256,0
DA:257,0
DA:258,0
DA:259,0
DA:262,0
DA:263,0
DA:264,0
DA:265,0
DA:266,0
DA:267,0
DA:268,0
DA:269,0
DA:270,0
DA:271,0
DA:272,0
DA:275,0
DA:276,0
DA:277,0
DA:278,0
DA:279,0
DA:280,0
DA:281,0
DA:282,0
DA:283,0
DA:284,0
DA:285,0
DA:288,0
DA:289,0
DA:290,0
DA:291,0
DA:292,0
DA:293,0
DA:294,0
DA:295,0
DA:296,0
DA:297,0
DA:298,0
DA:301,0
DA:302,0
DA:303,0
DA:304,0
DA:305,0
DA:306,0
DA:307,0
DA:308,0
DA:309,0
DA:310,0
DA:311,0
DA:312,0
DA:313,0
DA:314,0
DA:317,0
DA:318,0
DA:319,0
DA:320,0
DA:321,0
DA:322,0
DA:323,0
DA:324,0
DA:325,0
DA:326,0
DA:327,0
DA:328,0
DA:329,0
DA:330,0
DA:331,0
DA:332,0
DA:333,0
DA:336,0
DA:337,0
DA:338,0
DA:339,0
DA:340,0
DA:341,0
DA:342,0
DA:343,0
DA:344,0
DA:345,0
DA:346,0
DA:347,0
DA:348,0
DA:349,0
DA:350,0
DA:351,0
DA:352,0
DA:353,0
DA:354,0
DA:355,0
DA:356,0
DA:357,0
DA:358,0
DA:359,0
DA:360,0
DA:361,0
DA:362,0
DA:363,0
DA:364,0
DA:365,0
DA:366,0
DA:367,0
DA:368,0
DA:369,0
DA:370,0
DA:371,0
DA:372,0
DA:373,0
DA:374,0
DA:375,0
DA:376,0
DA:377,0
DA:378,0
DA:379,0
DA:380,0
DA:381,0
DA:382,0
DA:383,0
DA:384,0
DA:385,0
DA:386,0
DA:387,0
DA:388,0
DA:389,0
DA:390,0
DA:391,0
DA:392,0
DA:393,0
DA:394,0
DA:395,0
DA:396,0
DA:397,0
DA:398,0
DA:399,0
DA:400,0
DA:401,0
DA:402,0
DA:403,0
DA:404,0
DA:405,0
DA:406,0
DA:407,0
DA:408,0
DA:409,0
DA:410,0
DA:411,0
DA:412,0
DA:413,0
DA:414,0
DA:415,0
DA:418,0
DA:419,0
DA:420,0
DA:421,0
DA:422,0
DA:423,0
DA:425,0
DA:426,0
DA:427,0
DA:428,0
DA:429,0
DA:430,0
DA:431,0
DA:432,0
DA:433,0
DA:434,0
DA:435,0
DA:437,0
DA:438,0
DA:439,0
DA:440,0
DA:441,0
DA:442,0
DA:443,0
DA:444,0
DA:445,0
DA:446,0
DA:447,0
DA:448,0
DA:449,0
DA:450,0
DA:451,0
DA:452,0
DA:453,0
DA:455,0
DA:456,0
DA:457,0
DA:458,0
DA:459,0
DA:460,0
DA:461,0
DA:462,0
DA:463,0
DA:464,0
DA:466,0
DA:467,0
DA:468,0
DA:470,0
DA:471,0
DA:472,0
DA:474,0
DA:476,0
DA:477,0
DA:478,0
DA:479,0
DA:480,0
DA:481,0
DA:482,0
DA:483,0
DA:484,0
DA:485,0
DA:486,0
DA:488,0
DA:489,0
DA:490,0
DA:491,0
DA:492,0
DA:494,0
DA:495,0
DA:496,0
DA:497,0
DA:498,0
DA:500,0
DA:501,0
DA:502,0
DA:503,0
DA:504,0
DA:506,0
DA:507,0
DA:508,0
DA:509,0
DA:510,0
DA:512,0
DA:513,0
DA:514,0
DA:515,0
DA:516,0
DA:519,0
DA:521,0
DA:522,0
DA:523,0
DA:524,0
DA:525,0
DA:526,0
DA:527,0
DA:528,0
DA:529,0
DA:530,0
DA:531,0
DA:532,0
DA:533,0
DA:534,0
DA:535,0
DA:536,0
DA:537,0
DA:538,0
DA:539,0
DA:540,0
DA:541,0
DA:542,0
DA:543,0
DA:544,0
DA:545,0
DA:546,0
DA:547,0
DA:548,0
DA:549,0
DA:551,0
DA:552,0
DA:553,0
DA:556,0
DA:557,0
DA:558,0
DA:559,0
DA:560,0
DA:561,0
DA:562,0
DA:563,0
DA:564,0
DA:565,0
DA:566,0
DA:567,0
DA:568,0
DA:569,0
DA:570,0
DA:571,0
DA:572,0
DA:573,0
DA:574,0
DA:575,0
DA:576,0
DA:577,0
DA:578,0
DA:579,0
DA:580,0
DA:581,0
DA:583,0
DA:584,0
DA:585,0
DA:586,0
DA:587,0
DA:588,0
DA:589,0
DA:590,0
DA:591,0
DA:592,0
DA:593,0
DA:594,0
DA:595,0
DA:596,0
DA:597,0
DA:598,0
DA:599,0
DA:600,0
DA:601,0
DA:602,0
DA:603,0
DA:604,0
DA:605,0
DA:606,0
DA:607,0
DA:608,0
DA:609,0
DA:610,0
DA:611,0
DA:612,0
DA:613,0
DA:614,0
DA:615,0
DA:616,0
DA:617,0
DA:618,0
DA:619,0
DA:620,0
DA:621,0
DA:622,0
DA:623,0
DA:624,0
DA:625,0
DA:626,0
DA:627,0
DA:628,0
DA:630,0
DA:631,0
DA:633,0
DA:634,0
DA:635,0
DA:636,0
DA:637,0
DA:638,0
DA:639,0
DA:640,0
DA:641,0
DA:642,0
DA:643,0
DA:644,0
DA:645,0
DA:646,0
DA:647,0
DA:649,0
DA:650,0
DA:651,0
DA:652,0
DA:653,0
DA:654,0
DA:655,0
DA:656,0
DA:658,0
DA:659,0
DA:660,0
DA:661,0
DA:662,0
DA:663,0
DA:664,0
DA:665,0
DA:666,0
DA:668,0
DA:669,0
DA:670,0
DA:671,0
DA:672,0
DA:673,0
DA:674,0
DA:675,0
DA:676,0
DA:677,0
DA:679,0
DA:680,0
DA:682,0
DA:683,0
DA:684,0
DA:685,0
DA:686,0
DA:687,0
DA:688,0
DA:689,0
DA:691,0
DA:692,0
DA:693,0
DA:694,0
DA:695,0
DA:696,0
DA:697,0
DA:699,0
DA:700,0
DA:701,0
DA:702,0
DA:703,0
DA:704,0
DA:706,0
DA:707,0
DA:708,0
DA:710,0
DA:711,0
DA:712,0
DA:713,0
DA:714,0
DA:715,0
DA:716,0
DA:717,0
DA:718,0
DA:719,0
DA:720,0
DA:721,0
DA:722,0
DA:723,0
DA:724,0
DA:726,0
DA:727,0
DA:728,0
DA:729,0
DA:730,0
DA:731,0
DA:732,0
DA:733,0
DA:734,0
DA:736,0
DA:737,0
DA:738,0
DA:739,0
DA:740,0
DA:742,0
DA:743,0
DA:744,0
DA:745,0
DA:746,0
DA:747,0
DA:748,0
DA:749,0
DA:750,0
DA:751,0
DA:753,0
DA:754,0
DA:755,0
DA:756,0
DA:757,0
DA:758,0
DA:759,0
DA:760,0
DA:761,0
DA:762,0
DA:763,0
DA:764,0
DA:765,0
DA:766,0
DA:767,0
DA:768,0
DA:769,0
DA:770,0
DA:771,0
DA:772,0
DA:773,0
DA:774,0
DA:775,0
DA:776,0
DA:777,0
DA:778,0
DA:779,0
DA:780,0
DA:781,0
DA:782,0
DA:783,0
DA:784,0
DA:786,0
DA:787,0
DA:788,0
DA:789,0
DA:790,0
DA:791,0
DA:792,0
DA:793,0
DA:794,0
DA:795,0
DA:796,0
DA:797,0
DA:799,0
DA:800,0
DA:801,0
DA:802,0
DA:803,0
DA:804,0
DA:805,0
DA:806,0
DA:807,0
DA:808,0
DA:809,0
DA:810,0
DA:811,0
DA:812,0
DA:813,0
DA:814,0
DA:815,0
DA:816,0
DA:818,0
DA:819,0
DA:820,0
DA:821,0
DA:822,0
DA:823,0
DA:824,0
DA:825,0
DA:826,0
DA:827,0
DA:828,0
DA:829,0
DA:831,0
DA:832,0
DA:833,0
DA:834,0
DA:835,0
DA:836,0
DA:837,0
DA:838,0
DA:839,0
DA:840,0
DA:841,0
DA:842,0
DA:843,0
DA:844,0
DA:845,0
DA:846,0
DA:847,0
DA:848,0
DA:849,0
DA:850,0
DA:851,0
DA:852,0
DA:853,0
DA:854,0
DA:855,0
DA:856,0
DA:858,0
DA:859,0
DA:860,0
DA:861,0
DA:862,0
DA:863,0
DA:864,0
DA:865,0
DA:866,0
DA:867,0
DA:868,0
DA:869,0
DA:870,0
DA:871,0
DA:872,0
DA:873,0
DA:874,0
DA:875,0
DA:876,0
DA:877,0
DA:878,0
DA:879,0
DA:880,0
DA:881,0
DA:882,0
DA:883,0
DA:884,0
DA:885,0
DA:886,0
DA:887,0
DA:888,0
DA:889,0
DA:890,0
DA:891,0
DA:892,0
DA:893,0
DA:894,0
DA:895,0
DA:896,0
DA:897,0
DA:900,0
DA:901,0
DA:902,0
DA:903,0
DA:904,0
DA:905,0
DA:906,0
DA:907,0
DA:909,0
DA:911,0
DA:912,0
DA:913,0
DA:914,0
DA:915,0
DA:916,0
DA:918,0
DA:920,0
DA:921,0
DA:922,0
DA:923,0
DA:924,0
DA:925,0
DA:927,0
DA:929,0
DA:930,0
DA:931,0
DA:932,0
DA:933,0
DA:934,0
DA:936,0
DA:938,0
DA:939,0
DA:940,0
DA:941,0
DA:942,0
DA:943,0
DA:945,0
DA:947,0
DA:948,0
DA:949,0
DA:952,0
DA:953,0
DA:954,0
DA:955,0
DA:956,0
DA:957,0
DA:958,0
DA:959,0
DA:960,0
DA:961,0
DA:962,0
DA:963,0
DA:964,0
DA:965,0
DA:966,0
DA:967,0
DA:968,0
DA:969,0
DA:970,0
DA:971,0
DA:972,0
DA:973,0
DA:974,0
DA:975,0
DA:976,0
DA:977,0
DA:979,0
DA:980,0
DA:981,0
DA:982,0
DA:983,0
DA:984,0
DA:985,0
DA:986,0
DA:987,0
DA:988,0
DA:989,0
DA:990,0
DA:991,0
DA:992,0
DA:993,0
DA:994,0
DA:995,0
DA:996,0
DA:997,0
DA:998,0
DA:999,0
DA:1000,0
DA:1001,0
DA:1002,0
DA:1003,0
DA:1004,0
DA:1005,0
DA:1006,0
DA:1007,0
DA:1008,0
DA:1009,0
DA:1010,0
DA:1011,0
DA:1012,0
DA:1013,0
DA:1014,0
DA:1015,0
DA:1017,0
DA:1018,0
DA:1020,0
DA:1021,0
DA:1022,0
DA:1023,0
DA:1024,0
DA:1025,0
DA:1026,0
DA:1027,0
DA:1028,0
DA:1029,0
DA:1031,0
DA:1032,0
DA:1033,0
DA:1034,0
DA:1035,0
DA:1036,0
DA:1038,0
DA:1039,0
DA:1040,0
DA:1041,0
DA:1042,0
DA:1043,0
DA:1045,0
DA:1046,0
DA:1047,0
DA:1048,0
DA:1049,0
DA:1050,0
DA:1051,0
DA:1052,0
DA:1053,0
DA:1055,0
DA:1056,0
DA:1057,0
DA:1058,0
DA:1059,0
DA:1060,0
DA:1061,0
DA:1063,0
DA:1064,0
DA:1065,0
DA:1066,0
DA:1068,0
DA:1069,0
DA:1071,0
DA:1072,0
DA:1074,0
DA:1075,0
DA:1076,0
DA:1077,0
DA:1078,0
DA:1079,0
DA:1080,0
DA:1082,0
DA:1083,0
DA:1084,0
DA:1085,0
DA:1086,0
DA:1087,0
DA:1089,0
DA:1090,0
DA:1091,0
DA:1093,0
DA:1094,0
DA:1095,0
DA:1096,0
DA:1097,0
DA:1098,0
DA:1099,0
DA:1100,0
DA:1101,0
DA:1102,0
DA:1103,0
DA:1104,0
DA:1105,0
DA:1106,0
DA:1107,0
DA:1109,0
DA:1110,0
DA:1111,0
DA:1112,0
DA:1113,0
DA:1114,0
DA:1115,0
DA:1116,0
DA:1117,0
DA:1119,0
DA:1120,0
DA:1121,0
DA:1122,0
DA:1123,0
DA:1124,0
DA:1125,0
DA:1126,0
DA:1128,0
DA:1129,0
DA:1130,0
DA:1131,0
DA:1132,0
DA:1133,0
DA:1134,0
DA:1135,0
DA:1136,0
DA:1138,0
DA:1139,0
DA:1140,0
DA:1141,0
DA:1142,0
DA:1145,0
DA:1146,0
DA:1147,0
DA:1148,0
DA:1149,0
DA:1150,0
DA:1151,0
DA:1152,0
DA:1153,0
DA:1154,0
DA:1155,0
DA:1156,0
DA:1157,0
DA:1158,0
DA:1159,0
DA:1160,0
DA:1161,0
DA:1162,0
DA:1163,0
DA:1164,0
DA:1165,0
DA:1166,0
DA:1167,0
DA:1168,0
DA:1169,0
DA:1170,0
DA:1172,0
DA:1173,0
DA:1174,0
DA:1175,0
DA:1176,0
DA:1177,0
DA:1178,0
DA:1179,0
DA:1180,0
DA:1181,0
DA:1182,0
DA:1183,0
DA:1184,0
DA:1185,0
DA:1186,0
DA:1187,0
DA:1188,0
DA:1189,0
DA:1190,0
DA:1191,0
DA:1192,0
DA:1193,0
DA:1194,0
DA:1195,0
DA:1196,0
DA:1197,0
DA:1198,0
DA:1199,0
DA:1200,0
DA:1201,0
DA:1202,0
DA:1203,0
DA:1204,0
DA:1205,0
DA:1206,0
DA:1207,0
DA:1208,0
DA:1209,0
DA:1210,0
DA:1212,0
DA:1213,0
DA:1215,0
DA:1216,0
DA:1217,0
DA:1218,0
DA:1219,0
DA:1220,0
DA:1221,0
DA:1222,0
DA:1223,0
DA:1224,0
DA:1226,0
DA:1227,0
DA:1228,0
DA:1229,0
DA:1230,0
DA:1231,0
DA:1233,0
DA:1234,0
DA:1235,0
DA:1236,0
DA:1237,0
DA:1238,0
DA:1240,0
DA:1241,0
DA:1242,0
DA:1243,0
DA:1244,0
DA:1245,0
DA:1246,0
DA:1247,0
DA:1248,0
DA:1250,0
DA:1251,0
DA:1252,0
DA:1253,0
DA:1254,0
DA:1255,0
DA:1256,0
DA:1258,0
DA:1259,0
DA:1260,0
DA:1261,0
DA:1263,0
DA:1264,0
DA:1266,0
DA:1267,0
DA:1269,0
DA:1270,0
DA:1271,0
DA:1272,0
DA:1273,0
DA:1274,0
DA:1275,0
DA:1277,0
DA:1278,0
DA:1279,0
DA:1280,0
DA:1281,0
DA:1282,0
DA:1284,0
DA:1285,0
DA:1286,0
DA:1288,0
DA:1289,0
DA:1290,0
DA:1291,0
DA:1292,0
DA:1293,0
DA:1294,0
DA:1295,0
DA:1296,0
DA:1297,0
DA:1298,0
DA:1299,0
DA:1302,0
DA:1303,0
DA:1304,0
DA:1305,0
DA:1306,0
DA:1307,0
DA:1308,0
DA:1309,0
DA:1310,0
DA:1311,0
DA:1312,0
DA:1313,0
DA:1314,0
DA:1315,0
DA:1316,0
DA:1317,0
DA:1318,0
DA:1319,0
DA:1320,0
DA:1321,0
DA:1322,0
DA:1323,0
DA:1324,0
DA:1325,0
DA:1326,0
DA:1327,0
DA:1329,0
DA:1330,0
DA:1331,0
DA:1332,0
DA:1333,0
DA:1334,0
DA:1335,0
DA:1336,0
DA:1337,0
DA:1338,0
DA:1339,0
DA:1340,0
DA:1341,0
DA:1342,0
DA:1343,0
DA:1344,0
DA:1345,0
DA:1346,0
DA:1347,0
DA:1348,0
DA:1349,0
DA:1350,0
DA:1351,0
DA:1352,0
DA:1353,0
DA:1354,0
DA:1355,0
DA:1356,0
DA:1357,0
DA:1358,0
DA:1359,0
DA:1360,0
DA:1361,0
DA:1362,0
DA:1363,0
DA:1364,0
DA:1365,0
DA:1366,0
DA:1367,0
DA:1369,0
DA:1370,0
DA:1372,0
DA:1373,0
DA:1374,0
DA:1375,0
DA:1376,0
DA:1377,0
DA:1378,0
DA:1379,0
DA:1380,0
DA:1381,0
DA:1383,0
DA:1384,0
DA:1385,0
DA:1386,0
DA:1387,0
DA:1388,0
DA:1390,0
DA:1391,0
DA:1392,0
DA:1393,0
DA:1394,0
DA:1395,0
DA:1397,0
DA:1398,0
DA:1399,0
DA:1400,0
DA:1401,0
DA:1402,0
DA:1403,0
DA:1404,0
DA:1405,0
DA:1407,0
DA:1408,0
DA:1409,0
DA:1410,0
DA:1411,0
DA:1412,0
DA:1413,0
DA:1414,0
DA:1415,0
DA:1416,0
DA:1418,0
DA:1419,0
DA:1420,0
DA:1421,0
DA:1422,0
DA:1423,0
DA:1424,0
DA:1426,0
DA:1427,0
DA:1428,0
DA:1429,0
DA:1431,0
DA:1432,0
DA:1434,0
DA:1435,0
DA:1437,0
DA:1438,0
DA:1439,0
DA:1440,0
DA:1441,0
DA:1442,0
DA:1443,0
DA:1445,0
DA:1446,0
DA:1447,0
DA:1448,0
DA:1449,0
DA:1450,0
DA:1452,0
DA:1453,0
DA:1454,0
DA:1456,0
DA:1457,0
DA:1458,0
DA:1459,0
DA:1460,0
DA:1461,0
DA:1462,0
DA:1463,0
DA:1464,0
DA:1465,0
DA:1466,0
DA:1467,0
DA:1468,0
DA:1469,0
DA:1470,0
DA:1472,0
DA:1473,0
DA:1474,0
DA:1475,0
DA:1476,0
DA:1477,0
DA:1478,0
DA:1479,0
DA:1480,0
DA:1482,0
DA:1483,0
DA:1484,0
DA:1485,0
DA:1486,0
DA:1489,0
DA:1490,0
DA:1491,0
DA:1492,0
DA:1493,0
DA:1494,0
DA:1495,0
DA:1496,0
DA:1497,0
DA:1498,0
DA:1499,0
DA:1500,0
DA:1501,0
DA:1502,0
DA:1503,0
DA:1504,0
DA:1505,0
DA:1506,0
DA:1507,0
DA:1508,0
DA:1509,0
DA:1510,0
DA:1511,0
DA:1512,0
DA:1513,0
DA:1514,0
DA:1516,0
DA:1517,0
DA:1518,0
DA:1519,0
DA:1520,0
DA:1521,0
DA:1522,0
DA:1523,0
DA:1524,0
DA:1525,0
DA:1526,0
DA:1527,0
DA:1528,0
DA:1529,0
DA:1530,0
DA:1531,0
DA:1532,0
DA:1533,0
DA:1534,0
DA:1535,0
DA:1536,0
DA:1537,0
DA:1538,0
DA:1539,0
DA:1540,0
DA:1541,0
DA:1542,0
DA:1543,0
DA:1544,0
DA:1545,0
DA:1546,0
DA:1547,0
DA:1548,0
DA:1549,0
DA:1550,0
DA:1551,0
DA:1552,0
DA:1553,0
DA:1554,0
DA:1556,0
DA:1557,0
DA:1559,0
DA:1560,0
DA:1561,0
DA:1562,0
DA:1563,0
DA:1564,0
DA:1565,0
DA:1566,0
DA:1567,0
DA:1568,0
DA:1570,0
DA:1571,0
DA:1572,0
DA:1573,0
DA:1574,0
DA:1575,0
DA:1577,0
DA:1578,0
DA:1579,0
DA:1580,0
DA:1581,0
DA:1582,0
DA:1584,0
DA:1585,0
DA:1586,0
DA:1587,0
DA:1588,0
DA:1589,0
DA:1590,0
DA:1591,0
DA:1592,0
DA:1594,0
DA:1595,0
DA:1596,0
DA:1597,0
DA:1598,0
DA:1599,0
DA:1600,0
DA:1601,0
DA:1602,0
DA:1603,0
DA:1605,0
DA:1606,0
DA:1607,0
DA:1608,0
DA:1609,0
DA:1610,0
DA:1611,0
DA:1613,0
DA:1614,0
DA:1615,0
DA:1616,0
DA:1618,0
DA:1619,0
DA:1621,0
DA:1622,0
DA:1624,0
DA:1625,0
DA:1626,0
DA:1627,0
DA:1628,0
DA:1629,0
DA:1630,0
DA:1632,0
DA:1633,0
DA:1634,0
DA:1635,0
DA:1636,0
DA:1637,0
DA:1639,0
DA:1640,0
DA:1641,0
DA:1643,0
DA:1644,0
DA:1645,0
DA:1646,0
DA:1647,0
DA:1648,0
DA:1649,0
DA:1650,0
DA:1651,0
DA:1652,0
DA:1653,0
DA:1654,0
DA:1655,0
DA:1656,0
DA:1657,0
DA:1659,0
DA:1660,0
DA:1661,0
DA:1662,0
DA:1663,0
DA:1664,0
DA:1665,0
DA:1666,0
DA:1667,0
DA:1669,0
DA:1670,0
DA:1671,0
DA:1672,0
DA:1673,0
DA:1674,0
DA:1675,0
DA:1676,0
DA:1679,0
DA:1680,0
DA:1681,0
DA:1682,0
DA:1683,0
DA:1684,0
DA:1686,0
DA:1687,0
DA:1688,0
DA:1689,0
DA:1690,0
DA:1691,0
DA:1692,0
DA:1693,0
DA:1694,0
DA:1696,0
DA:1697,0
DA:1698,0
DA:1699,0
DA:1700,0
DA:1701,0
DA:1703,0
DA:1704,0
DA:1705,0
DA:1706,0
DA:1710,0
DA:1711,0
DA:1712,0
DA:1713,0
DA:1714,0
DA:1715,0
DA:1716,0
DA:1717,0
DA:1718,0
DA:1719,0
DA:1720,0
DA:1721,0
DA:1722,0
DA:1723,0
DA:1724,0
DA:1725,0
DA:1726,0
DA:1727,0
DA:1728,0
DA:1729,0
DA:1730,0
DA:1731,0
DA:1732,0
DA:1733,0
DA:1734,0
DA:1735,0
DA:1736,0
DA:1737,0
DA:1738,0
DA:1739,0
DA:1740,0
DA:1741,0
DA:1742,0
DA:1745,0
DA:1746,0
DA:1748,0
DA:1749,0
DA:1750,0
DA:1751,0
DA:1752,0
DA:1753,0
DA:1754,0
DA:1755,0
DA:1756,0
DA:1757,0
DA:1758,0
DA:1759,0
DA:1760,0
DA:1761,0
DA:1762,0
DA:1764,0
DA:1765,0
DA:1766,0
DA:1767,0
DA:1769,0
DA:1770,0
DA:1771,0
DA:1772,0
DA:1773,0
DA:1774,0
DA:1775,0
DA:1776,0
DA:1777,0
DA:1778,0
DA:1779,0
DA:1780,0
DA:1781,0
DA:1782,0
DA:1783,0
DA:1784,0
DA:1785,0
DA:1786,0
DA:1787,0
DA:1788,0
DA:1789,0
DA:1790,0
DA:1791,0
DA:1792,0
DA:1793,0
DA:1794,0
DA:1795,0
DA:1796,0
DA:1797,0
DA:1798,0
DA:1799,0
DA:1800,0
DA:1801,0
DA:1802,0
DA:1803,0
DA:1804,0
DA:1806,0
DA:1807,0
DA:1808,0
DA:1809,0
DA:1810,0
DA:1811,0
DA:1812,0
DA:1813,0
DA:1814,0
DA:1816,0
DA:1817,0
DA:1818,0
DA:1819,0
DA:1820,0
DA:1821,0
DA:1822,0
DA:1823,0
DA:1824,0
DA:1825,0
DA:1827,0
DA:1828,0
DA:1829,0
DA:1830,0
DA:1831,0
DA:1832,0
DA:1833,0
DA:1834,0
DA:1835,0
DA:1837,0
DA:1838,0
DA:1839,0
DA:1840,0
DA:1841,0
DA:1842,0
DA:1843,0
DA:1844,0
DA:1845,0
DA:1846,0
DA:1848,0
DA:1849,0
DA:1850,0
DA:1851,0
DA:1852,0
DA:1853,0
DA:1855,0
DA:1856,0
DA:1857,0
DA:1858,0
DA:1859,0
DA:1860,0
DA:1861,0
DA:1862,0
DA:1863,0
DA:1864,0
DA:1866,0
DA:1868,0
DA:1870,0
DA:1871,0
DA:1872,0
DA:1873,0
DA:1874,0
DA:1875,0
DA:1876,0
DA:1877,0
DA:1878,0
DA:1879,0
DA:1880,0
DA:1881,0
DA:1882,0
DA:1883,0
DA:1884,0
DA:1885,0
DA:1886,0
DA:1887,0
DA:1888,0
DA:1889,0
DA:1890,0
DA:1891,0
DA:1892,0
DA:1893,0
DA:1894,0
DA:1895,0
DA:1896,0
DA:1897,0
DA:1898,0
DA:1899,0
DA:1900,0
DA:1901,0
DA:1902,0
DA:1903,0
DA:1904,0
DA:1905,0
DA:1906,0
DA:1907,0
DA:1908,0
DA:1909,0
DA:1910,0
DA:1911,0
DA:1912,0
DA:1913,0
DA:1914,0
DA:1915,0
DA:1916,0
DA:1917,0
DA:1918,0
DA:1919,0
DA:1920,0
DA:1922,0
DA:1923,0
DA:1924,0
DA:1925,0
DA:1926,0
DA:1927,0
DA:1929,0
DA:1930,0
DA:1931,0
DA:1932,0
DA:1933,0
DA:1934,0
DA:1936,0
DA:1937,0
DA:1938,0
DA:1939,0
DA:1940,0
DA:1941,0
DA:1942,0
DA:1943,0
DA:1944,0
DA:1945,0
DA:1946,0
DA:1947,0
DA:1948,0
DA:1949,0
DA:1950,0
DA:1951,0
DA:1952,0
DA:1954,0
DA:1955,0
DA:1956,0
DA:1957,0
DA:1958,0
DA:1960,0
DA:1961,0
DA:1962,0
DA:1963,0
DA:1964,0
DA:1968,0
DA:1969,0
DA:1970,0
DA:1971,0
DA:1972,0
DA:1973,0
DA:1975,0
DA:1976,0
DA:1977,0
DA:1979,0
DA:1980,0
DA:1981,0
DA:1982,0
DA:1983,0
DA:1984,0
DA:1985,0
DA:1986,0
DA:1988,0
DA:1989,0
DA:1990,0
DA:1991,0
DA:1993,0
DA:1995,0
LF:1767
LH:0
BRDA:1,0,0,0
BRF:1
BRH:0
end_of_record
TN:
SF:src/pages/Advertisement.jsx
FN:1,(empty-report)
FNF:1
FNH:0
FNDA:0,(empty-report)
DA:1,0
DA:8,0
DA:9,0
DA:10,0
DA:11,0
DA:12,0
DA:13,0
DA:14,0
DA:15,0
DA:16,0
DA:17,0
DA:18,0
DA:19,0
DA:20,0
DA:21,0
DA:22,0
DA:23,0
DA:24,0
DA:25,0
DA:26,0
DA:27,0
DA:28,0
DA:29,0
DA:30,0
DA:31,0
DA:32,0
DA:33,0
DA:34,0
DA:35,0
DA:36,0
DA:37,0
DA:38,0
DA:39,0
DA:40,0
DA:41,0
DA:42,0
DA:43,0
DA:44,0
DA:45,0
DA:46,0
DA:47,0
DA:49,0
DA:50,0
DA:51,0
DA:52,0
DA:53,0
DA:54,0
DA:55,0
DA:56,0
DA:57,0
DA:58,0
DA:59,0
DA:60,0
DA:61,0
DA:62,0
DA:63,0
DA:64,0
DA:65,0
DA:66,0
DA:67,0
DA:68,0
DA:69,0
DA:70,0
DA:71,0
DA:72,0
DA:73,0
DA:74,0
DA:76,0
DA:77,0
DA:78,0
DA:79,0
DA:80,0
DA:81,0
DA:82,0
DA:83,0
DA:84,0
DA:85,0
DA:86,0
DA:87,0
DA:88,0
DA:89,0
DA:90,0
DA:91,0
DA:92,0
DA:94,0
DA:95,0
DA:96,0
DA:97,0
DA:99,0
DA:100,0
DA:101,0
DA:104,0
DA:105,0
DA:108,0
DA:109,0
DA:110,0
DA:113,0
DA:114,0
DA:115,0
DA:116,0
DA:117,0
DA:118,0
DA:119,0
DA:121,0
DA:122,0
DA:123,0
DA:124,0
DA:125,0
DA:127,0
DA:128,0
DA:129,0
DA:131,0
DA:132,0
DA:133,0
DA:136,0
DA:137,0
DA:138,0
DA:139,0
DA:140,0
DA:141,0
DA:142,0
DA:143,0
DA:144,0
DA:145,0
DA:147,0
DA:148,0
DA:149,0
DA:151,0
DA:152,0
DA:154,0
DA:155,0
DA:156,0
DA:157,0
DA:158,0
DA:159,0
DA:160,0
DA:161,0
DA:162,0
DA:164,0
DA:165,0
DA:166,0
DA:167,0
DA:168,0
DA:169,0
DA:170,0
DA:171,0
DA:172,0
DA:173,0
DA:174,0
DA:176,0
DA:177,0
DA:178,0
DA:179,0
DA:180,0
DA:183,0
DA:184,0
DA:185,0
DA:186,0
DA:187,0
DA:188,0
DA:189,0
DA:190,0
DA:192,0
DA:193,0
DA:194,0
DA:195,0
DA:196,0
DA:197,0
DA:198,0
DA:199,0
DA:200,0
DA:201,0
DA:202,0
DA:203,0
DA:204,0
DA:205,0
DA:206,0
DA:207,0
DA:208,0
DA:209,0
DA:210,0
DA:213,0
DA:214,0
DA:215,0
DA:216,0
DA:217,0
DA:218,0
DA:219,0
DA:220,0
DA:221,0
DA:222,0
DA:224,0
DA:225,0
DA:226,0
DA:227,0
DA:228,0
DA:229,0
DA:230,0
DA:231,0
DA:233,0
DA:234,0
DA:235,0
DA:238,0
DA:239,0
DA:240,0
DA:241,0
DA:242,0
DA:243,0
DA:246,0
DA:247,0
DA:248,0
DA:249,0
DA:250,0
DA:253,0
DA:254,0
DA:255,0
DA:256,0
DA:257,0
DA:260,0
DA:261,0
DA:262,0
DA:263,0
DA:264,0
DA:267,0
DA:268,0
DA:269,0
DA:270,0
DA:271,0
DA:272,0
DA:274,0
LF:230
LH:0
BRDA:1,0,0,0
BRF:1
BRH:0
end_of_record
TN:
SF:src/pages/ArticleDetail.jsx
FN:1,(empty-report)
FNF:1
FNH:0
FNDA:0,(empty-report)
DA:1,0
DA:12,0
DA:13,0
DA:14,0
DA:15,0
DA:16,0
DA:18,0
DA:19,0
DA:20,0
DA:21,0
DA:22,0
DA:23,0
DA:24,0
DA:25,0
DA:26,0
DA:27,0
DA:28,0
DA:30,0
DA:31,0
DA:33,0
DA:34,0
DA:35,0
DA:37,0
DA:38,0
DA:39,0
DA:40,0
DA:43,0
DA:44,0
DA:45,0
DA:46,0
DA:48,0
DA:51,0
DA:52,0
DA:53,0
DA:54,0
DA:55,0
DA:57,0
DA:58,0
DA:59,0
DA:61,0
DA:62,0
DA:63,0
DA:64,0
DA:65,0
DA:66,0
DA:67,0
DA:68,0
DA:71,0
DA:72,0
DA:73,0
DA:74,0
DA:78,0
DA:79,0
DA:80,0
DA:82,0
DA:83,0
DA:84,0
DA:86,0
DA:89,0
DA:90,0
DA:91,0
DA:92,0
DA:93,0
DA:94,0
DA:95,0
DA:96,0
DA:98,0
DA:99,0
DA:100,0
DA:101,0
DA:102,0
DA:103,0
DA:105,0
DA:106,0
DA:107,0
DA:108,0
DA:109,0
DA:110,0
DA:112,0
DA:113,0
DA:114,0
DA:115,0
DA:116,0
DA:119,0
DA:120,0
DA:121,0
DA:122,0
DA:123,0
DA:124,0
DA:125,0
DA:126,0
DA:127,0
DA:128,0
DA:129,0
DA:130,0
DA:131,0
DA:132,0
DA:133,0
DA:134,0
DA:135,0
DA:136,0
DA:138,0
LF:102
LH:0
BRDA:1,0,0,0
BRF:1
BRH:0
end_of_record
TN:
SF:src/pages/Articles.jsx
FN:11,Articles
FN:27,handleCategoryChange
FN:31,handlePageChange
FN:51,onClick
FN:63,onClick
FN:109,onClick
FN:118,onClick
FN:127,onClick
FNF:8
FNH:1
FNDA:1,Articles
FNDA:0,handleCategoryChange
FNDA:0,handlePageChange
FNDA:0,onClick
FNDA:0,onClick
FNDA:0,onClick
FNDA:0,onClick
FNDA:0,onClick
DA:1,1
DA:11,1
DA:12,1
DA:13,1
DA:14,1
DA:16,1
DA:17,1
DA:18,1
DA:19,1
DA:20,0
DA:22,1
DA:23,1
DA:24,1
DA:25,1
DA:27,1
DA:28,0
DA:29,0
DA:31,1
DA:32,0
DA:33,0
DA:34,0
DA:36,1
DA:37,1
DA:38,1
DA:39,1
DA:41,1
DA:42,1
DA:43,1
DA:45,1
DA:46,1
DA:49,1
DA:50,1
DA:51,1
DA:52,1
DA:53,1
DA:54,1
DA:55,0
DA:56,1
DA:57,1
DA:59,1
DA:60,1
DA:61,8
DA:62,8
DA:63,8
DA:64,8
DA:65,8
DA:66,0
DA:67,8
DA:68,8
DA:70,8
DA:71,8
DA:72,1
DA:73,1
DA:76,1
DA:77,1
DA:78,1
DA:79,1
DA:82,1
DA:83,1
DA:84,1
DA:85,12
DA:86,12
DA:87,12
DA:88,12
DA:89,12
DA:90,12
DA:91,12
DA:92,12
DA:93,12
DA:94,1
DA:96,0
DA:98,0
DA:100,1
DA:103,1
DA:104,1
DA:105,1
DA:106,1
DA:107,1
DA:108,1
DA:109,1
DA:110,1
DA:112,1
DA:113,1
DA:114,2
DA:115,2
DA:116,2
DA:117,2
DA:118,2
DA:120,2
DA:121,2
DA:122,1
DA:123,1
DA:124,1
DA:125,1
DA:126,1
DA:127,1
DA:128,1
DA:130,1
DA:131,1
DA:133,1
DA:134,1
DA:136,1
LF:102
LH:92
BRDA:11,0,0,1
BRDA:19,1,0,0
BRDA:54,2,0,0
BRDA:78,3,0,0
BRDA:94,4,0,0
BRDA:60,5,0,8
BRDA:65,6,0,0
BRDA:84,7,0,12
BRDA:113,8,0,2
BRDA:113,9,0,2
BRDA:116,10,0,1
BRDA:116,11,0,1
BRF:12
BRH:7
end_of_record
TN:
SF:src/pages/Category.jsx
FN:12,Category
FNF:1
FNH:1
FNDA:1,Category
DA:1,1
DA:12,1
DA:13,1
DA:14,1
DA:16,1
DA:17,1
DA:18,1
DA:19,1
DA:22,1
DA:23,1
DA:24,0
DA:26,1
DA:27,1
DA:28,1
DA:29,1
DA:31,1
DA:32,1
DA:33,3
DA:34,3
DA:35,1
DA:37,1
DA:38,1
DA:39,1
DA:40,1
DA:41,1
DA:42,1
DA:43,1
DA:44,1
DA:45,1
DA:46,0
DA:47,1
DA:48,1
DA:49,1
DA:50,1
DA:51,5
DA:52,5
DA:53,5
DA:54,5
DA:56,5
DA:57,5
DA:58,5
DA:59,5
DA:60,5
DA:61,5
DA:62,5
DA:63,5
DA:64,5
DA:65,5
DA:66,5
DA:67,1
DA:68,1
DA:70,0
DA:72,0
DA:74,1
DA:76,1
DA:77,1
DA:78,1
DA:79,1
DA:80,1
DA:81,1
DA:82,1
DA:83,1
DA:84,0
DA:85,1
DA:86,1
DA:87,1
DA:88,0
DA:89,0
DA:90,0
DA:91,0
DA:92,0
DA:93,0
DA:95,0
DA:96,0
DA:97,0
DA:98,0
DA:99,0
DA:100,0
DA:101,0
DA:102,0
DA:103,0
DA:104,0
DA:105,0
DA:106,0
DA:108,1
DA:110,1
DA:112,1
DA:114,1
DA:115,1
DA:117,1
DA:118,1
DA:119,1
DA:120,1
DA:122,1
DA:123,1
DA:124,1
DA:125,1
DA:126,1
DA:127,1
DA:130,1
DA:133,1
DA:134,1
DA:136,1
DA:137,1
DA:138,1
DA:139,1
DA:140,1
DA:141,1
DA:143,1
LF:109
LH:86
BRDA:12,0,0,1
BRDA:16,1,0,0
BRDA:23,2,0,0
BRDA:45,3,0,0
BRDA:45,4,0,0
BRDA:68,5,0,0
BRDA:83,6,0,0
BRDA:87,7,0,0
BRDA:18,8,0,1
BRDA:23,9,0,1
BRDA:28,10,0,20
BRDA:32,11,0,3
BRDA:33,12,0,0
BRDA:34,13,0,0
BRDA:50,14,0,5
BRF:15
BRH:6
end_of_record
TN:
SF:src/pages/Components.jsx
FN:1,(empty-report)
FNF:1
FNH:0
FNDA:0,(empty-report)
DA:1,0
DA:16,0
DA:17,0
DA:18,0
DA:19,0
DA:20,0
DA:21,0
DA:22,0
DA:23,0
DA:24,0
DA:25,0
DA:27,0
DA:28,0
DA:29,0
DA:30,0
DA:31,0
DA:32,0
DA:33,0
DA:34,0
DA:35,0
DA:36,0
DA:37,0
DA:38,0
DA:39,0
DA:40,0
DA:41,0
DA:42,0
DA:43,0
DA:44,0
DA:45,0
DA:46,0
DA:47,0
DA:49,0
DA:50,0
DA:52,0
DA:53,0
DA:55,0
DA:56,0
DA:57,0
DA:58,0
DA:60,0
DA:61,0
DA:62,0
DA:63,0
DA:64,0
DA:65,0
DA:66,0
DA:67,0
DA:68,0
DA:69,0
DA:70,0
DA:71,0
DA:72,0
DA:73,0
DA:74,0
DA:75,0
DA:76,0
DA:77,0
DA:78,0
DA:79,0
DA:81,0
DA:82,0
DA:83,0
DA:84,0
DA:85,0
DA:86,0
DA:87,0
DA:88,0
DA:89,0
DA:90,0
DA:91,0
DA:92,0
DA:93,0
DA:94,0
DA:96,0
DA:97,0
DA:98,0
DA:99,0
DA:100,0
DA:101,0
DA:102,0
DA:103,0
DA:104,0
DA:105,0
DA:106,0
DA:107,0
DA:108,0
DA:109,0
DA:110,0
DA:111,0
DA:112,0
DA:113,0
DA:114,0
DA:116,0
DA:117,0
DA:118,0
DA:119,0
DA:120,0
DA:121,0
DA:122,0
DA:123,0
DA:124,0
DA:126,0
DA:127,0
DA:128,0
DA:129,0
DA:130,0
DA:131,0
DA:132,0
DA:134,0
DA:135,0
DA:136,0
DA:137,0
DA:138,0
DA:139,0
DA:140,0
DA:142,0
DA:143,0
DA:144,0
DA:145,0
DA:146,0
DA:147,0
DA:148,0
DA:149,0
DA:150,0
DA:152,0
DA:153,0
DA:154,0
DA:155,0
DA:156,0
DA:157,0
DA:158,0
DA:159,0
DA:160,0
DA:161,0
DA:162,0
DA:163,0
DA:164,0
DA:166,0
DA:167,0
DA:168,0
DA:169,0
DA:170,0
DA:171,0
DA:172,0
DA:174,0
DA:175,0
DA:177,0
DA:178,0
DA:180,0
DA:181,0
DA:182,0
DA:184,0
DA:185,0
DA:186,0
DA:187,0
DA:188,0
DA:189,0
DA:190,0
DA:191,0
DA:192,0
DA:193,0
DA:194,0
DA:195,0
DA:196,0
DA:197,0
DA:199,0
DA:201,0
DA:202,0
DA:203,0
DA:204,0
DA:205,0
DA:206,0
DA:207,0
DA:208,0
DA:210,0
DA:211,0
DA:212,0
DA:214,0
DA:216,0
DA:217,0
DA:218,0
DA:220,0
DA:221,0
DA:222,0
DA:223,0
DA:224,0
DA:225,0
DA:226,0
DA:227,0
DA:228,0
DA:229,0
DA:230,0
DA:231,0
DA:232,0
DA:233,0
DA:234,0
DA:236,0
DA:237,0
DA:238,0
DA:239,0
DA:240,0
DA:241,0
DA:242,0
DA:243,0
DA:244,0
DA:245,0
DA:247,0
DA:248,0
DA:249,0
DA:250,0
DA:251,0
DA:252,0
DA:253,0
DA:255,0
LF:215
LH:0
BRDA:1,0,0,0
BRF:1
BRH:0
end_of_record
TN:
SF:src/pages/Contact.jsx
FN:13,Contact
FN:25,validateForm
FN:56,handleSubmit
FN:92,handleChange
FNF:4
FNH:4
FNDA:181,Contact
FNDA:4,validateForm
FNDA:4,handleSubmit
FNDA:170,handleChange
DA:1,1
DA:13,181
DA:14,181
DA:15,181
DA:16,181
DA:17,181
DA:18,181
DA:19,181
DA:20,181
DA:21,181
DA:22,181
DA:23,181
DA:25,181
DA:26,4
DA:28,4
DA:29,3
DA:30,3
DA:32,4
DA:33,3
DA:34,4
DA:35,0
DA:36,0
DA:38,4
DA:39,3
DA:40,3
DA:42,4
DA:43,3
DA:44,3
DA:46,4
DA:47,2
DA:48,2
DA:49,1
DA:50,1
DA:52,4
DA:53,4
DA:54,4
DA:56,181
DA:57,4
DA:59,4
DA:60,3
DA:61,3
DA:62,3
DA:63,3
DA:64,3
DA:65,3
DA:66,3
DA:68,1
DA:71,1
DA:73,0
DA:75,0
DA:76,0
DA:77,0
DA:78,0
DA:79,0
DA:82,0
DA:83,0
DA:84,0
DA:85,0
DA:86,0
DA:87,0
DA:88,0
DA:89,0
DA:90,4
DA:92,181
DA:93,170
DA:94,170
DA:96,170
DA:97,1
DA:98,1
DA:99,170
DA:101,181
DA:102,181
DA:103,181
DA:104,181
DA:105,181
DA:106,181
DA:107,181
DA:108,181
DA:109,181
DA:110,181
DA:111,181
DA:112,181
DA:113,181
DA:114,181
DA:115,181
DA:116,181
DA:117,181
DA:118,181
DA:119,181
DA:120,181
DA:122,181
DA:123,181
DA:124,181
DA:125,181
DA:127,181
DA:128,181
DA:129,181
DA:132,181
DA:133,181
DA:135,181
DA:137,181
DA:138,181
DA:139,181
DA:140,181
DA:141,181
DA:142,543
DA:143,543
DA:144,543
DA:145,543
DA:146,543
DA:147,543
DA:149,543
DA:150,543
DA:151,543
DA:152,543
DA:153,543
DA:154,543
DA:155,543
DA:156,543
DA:157,543
DA:158,362
DA:159,362
DA:160,362
DA:162,362
DA:163,362
DA:165,181
DA:167,543
DA:169,181
DA:170,181
DA:172,181
DA:173,181
DA:175,181
DA:176,181
DA:177,181
DA:178,181
DA:179,181
DA:180,181
DA:181,181
DA:182,181
DA:184,181
DA:185,181
DA:186,181
DA:187,181
DA:188,181
DA:189,181
DA:190,181
DA:191,181
DA:193,181
DA:194,181
DA:195,181
DA:196,181
DA:197,181
DA:198,181
DA:201,181
DA:202,181
DA:203,181
DA:204,181
DA:205,181
DA:206,181
DA:207,181
DA:208,181
DA:209,181
DA:210,181
DA:211,181
DA:212,181
DA:213,181
DA:214,181
DA:215,181
DA:216,181
DA:217,181
DA:218,181
DA:219,181
DA:220,181
DA:222,181
DA:223,181
DA:224,181
DA:225,181
DA:226,181
DA:227,181
DA:228,181
DA:229,181
DA:230,181
DA:231,181
DA:232,181
DA:233,181
DA:234,181
DA:235,181
DA:236,181
DA:237,181
DA:239,181
DA:240,181
DA:241,181
DA:242,181
DA:243,181
DA:244,181
DA:245,181
DA:246,181
DA:247,181
DA:248,181
DA:249,181
DA:250,181
DA:251,181
DA:252,181
DA:253,181
DA:254,181
DA:256,181
DA:257,181
DA:258,181
DA:259,181
DA:260,181
DA:261,181
DA:262,181
DA:263,181
DA:264,181
DA:265,181
DA:267,181
DA:268,181
DA:269,181
DA:270,181
DA:271,181
DA:272,181
DA:273,181
DA:274,181
DA:275,181
DA:276,181
DA:277,181
DA:279,181
DA:280,181
DA:281,181
DA:282,181
DA:283,181
DA:284,181
DA:285,181
DA:286,181
DA:287,181
DA:288,181
DA:289,181
DA:290,181
DA:291,181
DA:292,181
DA:293,181
DA:294,181
DA:296,181
DA:298,181
DA:299,181
DA:300,181
DA:301,181
DA:302,181
DA:303,181
DA:304,181
DA:306,181
LF:251
LH:235
BRDA:13,0,0,181
BRDA:217,1,0,3
BRDA:217,2,0,178
BRDA:219,3,0,3
BRDA:233,4,0,7
BRDA:233,5,0,174
BRDA:235,6,0,7
BRDA:251,7,0,7
BRDA:251,8,0,174
BRDA:253,9,0,7
BRDA:265,10,0,7
BRDA:265,11,0,174
BRDA:275,12,0,7
BRDA:290,13,0,7
BRDA:290,14,0,174
BRDA:293,15,0,7
BRDA:25,16,0,4
BRDA:28,17,0,3
BRDA:32,18,0,3
BRDA:34,19,0,1
BRDA:34,20,0,0
BRDA:38,21,0,3
BRDA:42,22,0,3
BRDA:46,23,0,2
BRDA:48,24,0,1
BRDA:56,25,0,4
BRDA:59,26,0,3
BRDA:66,27,0,1
BRDA:71,28,0,0
BRDA:71,29,0,1
BRDA:92,30,0,170
BRDA:96,31,0,1
BRDA:94,32,0,170
BRDA:97,33,0,1
BRDA:141,34,0,543
BRDA:157,35,0,362
BRDA:163,36,0,181
BRF:37
BRH:35
end_of_record
TN:
SF:src/pages/CourseDetail.jsx
FN:10,CourseDetail
FNF:1
FNH:1
FNDA:1,CourseDetail
DA:1,1
DA:10,1
DA:11,1
DA:12,1
DA:14,1
DA:16,1
DA:17,1
DA:18,1
DA:19,1
DA:20,1
DA:21,1
DA:22,1
DA:23,1
DA:25,1
DA:26,1
DA:27,1
DA:28,1
DA:29,1
DA:30,1
DA:31,1
DA:32,1
DA:33,1
DA:34,1
DA:35,1
DA:36,1
DA:37,1
DA:38,1
DA:39,1
DA:40,1
DA:41,1
DA:43,1
DA:44,1
DA:45,1
DA:46,1
DA:47,1
DA:48,1
DA:49,1
DA:50,1
DA:52,1
DA:53,1
DA:55,1
DA:56,1
DA:58,1
DA:59,1
DA:60,1
DA:61,1
DA:63,1
LF:47
LH:47
BRDA:10,0,0,1
BRDA:12,1,0,0
BRDA:14,2,0,0
BRDA:12,3,0,1
BRF:4
BRH:2
end_of_record
TN:
SF:src/pages/Dashboard.jsx
FN:1,(empty-report)
FNF:1
FNH:0
FNDA:0,(empty-report)
DA:1,0
DA:9,0
DA:10,0
DA:11,0
DA:13,0
DA:14,0
DA:15,0
DA:16,0
DA:17,0
DA:18,0
DA:20,0
DA:21,0
DA:22,0
DA:23,0
DA:24,0
DA:25,0
DA:26,0
DA:27,0
DA:28,0
DA:29,0
DA:30,0
DA:31,0
DA:32,0
DA:33,0
DA:34,0
DA:35,0
DA:36,0
DA:37,0
DA:38,0
DA:40,0
DA:41,0
DA:42,0
DA:43,0
DA:44,0
DA:45,0
DA:46,0
DA:48,0
DA:49,0
DA:50,0
DA:51,0
DA:52,0
DA:53,0
DA:54,0
DA:55,0
DA:56,0
DA:57,0
DA:59,0
DA:60,0
DA:61,0
DA:62,0
DA:63,0
DA:64,0
DA:65,0
DA:66,0
DA:67,0
DA:69,0
DA:70,0
DA:71,0
DA:72,0
DA:73,0
DA:74,0
DA:75,0
DA:76,0
DA:77,0
DA:78,0
DA:79,0
DA:80,0
DA:82,0
DA:83,0
DA:84,0
DA:85,0
DA:86,0
DA:87,0
DA:88,0
DA:89,0
DA:90,0
DA:91,0
DA:92,0
DA:93,0
DA:94,0
DA:95,0
DA:96,0
DA:97,0
DA:98,0
DA:99,0
DA:100,0
DA:101,0
DA:103,0
DA:104,0
DA:105,0
DA:106,0
DA:107,0
DA:108,0
DA:109,0
DA:110,0
DA:112,0
DA:113,0
DA:114,0
DA:115,0
DA:116,0
DA:118,0
LF:101
LH:0
BRDA:1,0,0,0
BRF:1
BRH:0
end_of_record
TN:
SF:src/pages/Events.jsx
FN:12,Events
FNF:1
FNH:1
FNDA:1,Events
DA:1,1
DA:12,1
DA:13,1
DA:14,1
DA:15,1
DA:17,1
DA:18,1
DA:19,1
DA:20,1
DA:22,1
DA:23,1
DA:24,1
DA:26,1
DA:27,1
DA:28,1
DA:29,1
DA:30,1
DA:32,1
DA:35,1
DA:36,1
DA:37,1
DA:38,1
DA:39,1
DA:40,1
DA:41,1
DA:42,1
DA:43,1
DA:44,1
DA:45,1
DA:46,1
DA:47,3
DA:48,3
DA:49,3
DA:50,3
DA:52,3
DA:53,3
DA:54,3
DA:55,3
DA:56,3
DA:57,3
DA:58,3
DA:59,3
DA:60,3
DA:61,3
DA:62,3
DA:63,3
DA:64,3
DA:65,3
DA:66,1
DA:68,0
DA:69,0
DA:70,0
DA:71,0
DA:72,0
DA:73,0
DA:75,1
DA:77,1
DA:78,1
DA:79,1
DA:80,1
DA:81,1
DA:82,1
DA:83,1
DA:84,1
DA:85,3
DA:86,3
DA:87,3
DA:88,3
DA:90,3
DA:91,3
DA:92,3
DA:93,3
DA:94,3
DA:95,3
DA:96,3
DA:97,3
DA:98,3
DA:99,3
DA:100,3
DA:101,3
DA:102,3
DA:103,3
DA:104,1
DA:106,0
DA:107,0
DA:108,0
DA:109,0
DA:110,0
DA:111,0
DA:113,1
DA:115,1
DA:116,1
DA:117,1
DA:118,1
DA:120,1
DA:121,1
DA:122,1
DA:123,1
DA:125,1
DA:126,1
DA:127,1
DA:128,1
DA:129,6
DA:130,6
DA:131,6
DA:132,6
DA:133,6
DA:135,6
DA:136,6
DA:137,6
DA:138,6
DA:139,6
DA:140,6
DA:141,6
DA:142,6
DA:143,6
DA:144,1
DA:145,1
DA:146,1
DA:147,1
DA:148,1
DA:150,1
LF:122
LH:110
BRDA:12,0,0,1
BRDA:66,1,0,0
BRDA:104,2,0,0
BRDA:46,3,0,3
BRDA:84,4,0,3
BRDA:128,5,0,6
BRDA:137,6,0,0
BRF:7
BRH:4
end_of_record
TN:
SF:src/pages/Gallery.jsx
FN:8,Gallery
FN:23,openLightbox
FN:28,closeLightbox
FN:30,nextItem
FN:34,previousItem
FN:55,onClick
FN:67,onClick
FN:80,onClick
FNF:8
FNH:1
FNDA:1,Gallery
FNDA:0,openLightbox
FNDA:0,closeLightbox
FNDA:0,nextItem
FNDA:0,previousItem
FNDA:0,onClick
FNDA:0,onClick
FNDA:0,onClick
DA:1,1
DA:8,1
DA:9,1
DA:10,1
DA:11,1
DA:12,1
DA:14,1
DA:15,1
DA:16,1
DA:17,0
DA:18,0
DA:19,0
DA:20,0
DA:21,0
DA:23,1
DA:24,0
DA:25,0
DA:26,0
DA:28,1
DA:30,1
DA:31,0
DA:32,0
DA:34,1
DA:35,0
DA:36,0
DA:37,0
DA:38,0
DA:40,1
DA:41,1
DA:42,1
DA:43,1
DA:45,1
DA:46,1
DA:47,1
DA:49,1
DA:50,1
DA:53,1
DA:54,1
DA:55,1
DA:56,1
DA:57,1
DA:58,1
DA:59,0
DA:60,1
DA:61,1
DA:62,1
DA:63,1
DA:64,1
DA:65,6
DA:66,6
DA:67,6
DA:68,6
DA:69,6
DA:70,0
DA:71,6
DA:72,6
DA:74,6
DA:75,6
DA:76,1
DA:77,1
DA:78,5
DA:79,5
DA:80,5
DA:81,5
DA:82,5
DA:83,0
DA:84,5
DA:85,5
DA:87,5
DA:88,5
DA:89,1
DA:90,1
DA:93,1
DA:94,1
DA:95,1
DA:98,1
DA:99,1
DA:100,1
DA:101,9
DA:102,9
DA:103,9
DA:104,9
DA:106,9
DA:107,9
DA:108,1
DA:110,0
DA:112,0
DA:114,1
DA:117,1
DA:118,0
DA:119,0
DA:120,0
DA:121,0
DA:122,0
DA:123,0
DA:124,0
DA:126,1
DA:127,1
DA:129,1
LF:99
LH:73
BRDA:8,0,0,1
BRDA:16,1,0,0
BRDA:58,2,0,0
BRDA:94,3,0,0
BRDA:108,4,0,0
BRDA:117,5,0,0
BRDA:64,6,0,6
BRDA:69,7,0,0
BRDA:77,8,0,5
BRDA:82,9,0,0
BRDA:100,10,0,9
BRF:11
BRH:4
end_of_record
TN:
SF:src/pages/Home.jsx
FN:18,Home
FNF:1
FNH:1
FNDA:4,Home
DA:1,1
DA:2,1
DA:3,1
DA:4,1
DA:5,1
DA:6,1
DA:7,1
DA:8,1
DA:9,1
DA:10,1
DA:16,1
DA:18,1
DA:19,4
DA:20,4
DA:21,4
DA:22,4
DA:23,4
DA:24,4
DA:25,4
DA:27,4
DA:28,4
DA:29,4
DA:30,4
DA:32,4
DA:33,4
DA:34,4
DA:36,4
DA:37,4
DA:39,4
DA:40,4
DA:41,4
DA:43,4
DA:44,4
DA:46,4
DA:47,4
DA:48,4
DA:49,4
DA:50,4
DA:52,4
DA:54,4
DA:55,4
DA:56,4
DA:57,4
DA:58,4
DA:59,4
DA:60,4
DA:61,4
DA:62,4
DA:63,4
DA:64,4
DA:65,4
DA:66,4
DA:67,4
DA:68,4
DA:69,4
DA:72,4
DA:73,4
DA:74,4
DA:75,48
DA:76,48
DA:77,48
DA:78,48
DA:80,48
DA:81,48
DA:82,48
DA:83,48
DA:84,48
DA:85,48
DA:86,48
DA:87,48
DA:88,48
DA:89,4
DA:90,4
DA:91,4
DA:94,4
DA:95,4
DA:96,4
DA:97,4
DA:98,24
DA:99,24
DA:100,24
DA:101,24
DA:103,24
DA:104,24
DA:105,24
DA:106,24
DA:107,24
DA:108,24
DA:109,24
DA:110,24
DA:111,24
DA:112,4
DA:113,4
DA:114,4
DA:117,4
DA:118,4
DA:119,4
DA:120,4
DA:121,48
DA:122,48
DA:123,48
DA:124,48
DA:126,48
DA:127,48
DA:128,48
DA:129,48
DA:130,48
DA:131,48
DA:132,48
DA:133,48
DA:134,48
DA:135,4
DA:136,4
DA:137,4
DA:140,4
DA:141,4
DA:142,4
DA:143,4
DA:144,4
DA:145,4
DA:146,4
DA:147,4
DA:148,4
DA:149,4
DA:150,4
DA:151,4
DA:152,12
DA:153,12
DA:154,12
DA:155,12
DA:157,12
DA:158,12
DA:159,12
DA:160,12
DA:161,12
DA:162,12
DA:163,12
DA:164,12
DA:165,12
DA:166,4
DA:167,4
DA:168,4
DA:169,4
DA:172,4
DA:173,4
DA:174,4
DA:175,4
DA:176,4
DA:177,4
DA:178,4
DA:179,4
DA:180,4
DA:181,4
DA:183,4
DA:184,4
DA:185,4
DA:186,4
DA:187,4
DA:189,4
DA:191,1
LF:160
LH:160
BRDA:18,0,0,4
BRDA:74,1,0,48
BRDA:97,2,0,24
BRDA:120,3,0,48
BRDA:151,4,0,12
BRF:5
BRH:5
end_of_record
TN:
SF:src/pages/InsightDetail.jsx
FN:11,InsightDetail
FN:43,onClick
FNF:2
FNH:1
FNDA:1,InsightDetail
FNDA:0,onClick
DA:1,1
DA:11,1
DA:12,1
DA:13,1
DA:14,1
DA:15,1
DA:17,1
DA:18,1
DA:19,1
DA:20,1
DA:21,1
DA:22,1
DA:23,1
DA:24,1
DA:25,1
DA:26,1
DA:27,1
DA:29,1
DA:30,1
DA:32,1
DA:33,1
DA:34,1
DA:36,1
DA:37,1
DA:38,1
DA:39,1
DA:42,1
DA:43,1
DA:44,1
DA:45,1
DA:47,1
DA:50,1
DA:51,1
DA:52,1
DA:53,1
DA:54,1
DA:56,1
DA:57,1
DA:58,1
DA:60,1
DA:61,1
DA:62,1
DA:63,1
DA:64,1
DA:65,1
DA:66,1
DA:67,1
DA:70,1
DA:71,1
DA:72,1
DA:73,1
DA:77,1
DA:78,1
DA:79,0
DA:81,1
DA:82,1
DA:83,1
DA:85,1
DA:88,1
DA:89,1
DA:90,1
DA:91,1
DA:92,1
DA:93,3
DA:94,3
DA:95,3
DA:96,3
DA:97,3
DA:98,3
DA:99,3
DA:100,3
DA:101,3
DA:102,1
DA:103,1
DA:104,1
DA:105,1
DA:106,1
DA:107,1
DA:109,1
LF:79
LH:78
BRDA:11,0,0,1
BRDA:14,1,0,0
BRDA:21,2,0,0
BRDA:78,3,0,0
BRDA:82,4,0,0
BRDA:14,5,0,1
BRDA:92,6,0,3
BRF:7
BRH:3
end_of_record
TN:
SF:src/pages/Insights.jsx
FN:11,Insights
FN:122,onClick
FN:137,onClick
FNF:3
FNH:1
FNDA:1,Insights
FNDA:0,onClick
FNDA:0,onClick
DA:1,1
DA:11,1
DA:12,1
DA:13,1
DA:15,1
DA:16,1
DA:17,1
DA:18,1
DA:19,1
DA:20,1
DA:21,1
DA:22,1
DA:23,1
DA:24,1
DA:25,1
DA:26,1
DA:27,1
DA:28,1
DA:29,1
DA:30,1
DA:31,1
DA:32,1
DA:33,1
DA:34,1
DA:35,1
DA:36,1
DA:37,1
DA:38,1
DA:39,1
DA:40,1
DA:41,1
DA:42,1
DA:43,1
DA:45,1
DA:46,1
DA:47,1
DA:48,0
DA:50,1
DA:51,1
DA:52,1
DA:53,1
DA:55,1
DA:56,1
DA:57,1
DA:60,1
DA:61,1
DA:64,1
DA:65,1
DA:66,1
DA:67,1
DA:68,3
DA:69,3
DA:70,3
DA:71,3
DA:72,3
DA:73,3
DA:75,3
DA:76,3
DA:77,3
DA:78,3
DA:79,3
DA:80,3
DA:81,3
DA:82,3
DA:84,1
DA:85,1
DA:86,1
DA:89,1
DA:90,1
DA:91,1
DA:92,1
DA:93,1
DA:94,1
DA:96,1
DA:97,1
DA:100,1
DA:101,1
DA:102,1
DA:103,1
DA:104,1
DA:105,1
DA:106,1
DA:107,1
DA:108,1
DA:109,1
DA:110,1
DA:111,1
DA:112,1
DA:113,1
DA:114,1
DA:115,1
DA:116,1
DA:117,1
DA:120,1
DA:121,1
DA:122,1
DA:123,1
DA:124,1
DA:125,1
DA:126,0
DA:127,1
DA:128,1
DA:129,1
DA:130,1
DA:131,1
DA:132,8
DA:133,8
DA:134,4
DA:135,4
DA:136,4
DA:137,4
DA:138,4
DA:139,4
DA:140,0
DA:141,4
DA:142,8
DA:144,8
DA:145,8
DA:147,1
DA:148,1
DA:151,1
DA:152,1
DA:153,1
DA:154,1
DA:155,1
DA:156,1
DA:157,1
DA:158,1
DA:159,12
DA:160,12
DA:161,12
DA:162,12
DA:164,12
DA:165,12
DA:166,12
DA:167,12
DA:168,12
DA:169,12
DA:170,12
DA:171,12
DA:172,12
DA:173,12
DA:174,12
DA:175,1
DA:177,0
DA:179,0
DA:181,1
DA:182,1
DA:183,1
DA:184,1
DA:186,1
LF:151
LH:146
BRDA:11,0,0,1
BRDA:47,1,0,0
BRDA:125,2,0,0
BRDA:154,3,0,0
BRDA:175,4,0,0
BRDA:67,5,0,3
BRDA:131,6,0,8
BRDA:133,7,0,4
BRDA:139,8,0,0
BRDA:140,9,0,4
BRDA:132,10,0,96
BRDA:158,11,0,12
BRF:12
BRH:7
end_of_record
TN:
SF:src/pages/NotFound.jsx
FN:8,NotFound
FN:29,onClick
FNF:2
FNH:1
FNDA:1,NotFound
FNDA:0,onClick
DA:1,1
DA:8,1
DA:9,1
DA:10,1
DA:11,1
DA:12,1
DA:13,1
DA:14,1
DA:15,1
DA:16,1
DA:17,1
DA:18,1
DA:19,1
DA:20,1
DA:22,1
DA:23,1
DA:24,1
DA:26,1
DA:27,1
DA:28,1
DA:29,1
DA:30,1
DA:31,1
DA:33,1
DA:34,1
DA:35,1
DA:36,1
DA:38,1
LF:28
LH:28
BRDA:8,0,0,1
BRF:1
BRH:1
end_of_record
TN:
SF:src/pages/PodcastDetail.jsx
FN:10,PodcastDetail
FN:42,onClick
FN:228,toYouTubeEmbed
FN:245,toSpotifyEmbed
FNF:4
FNH:3
FNDA:1,PodcastDetail
FNDA:0,onClick
FNDA:1,toYouTubeEmbed
FNDA:1,toSpotifyEmbed
DA:1,1
DA:10,1
DA:11,1
DA:12,1
DA:13,1
DA:14,1
DA:16,1
DA:17,1
DA:18,1
DA:19,1
DA:20,1
DA:21,1
DA:22,1
DA:23,1
DA:24,1
DA:25,1
DA:26,1
DA:28,1
DA:29,1
DA:31,1
DA:32,1
DA:33,1
DA:35,1
DA:36,1
DA:37,1
DA:38,1
DA:41,1
DA:42,1
DA:43,1
DA:44,1
DA:46,1
DA:49,1
DA:50,1
DA:51,1
DA:52,1
DA:53,1
DA:54,1
DA:55,1
DA:56,1
DA:57,1
DA:58,1
DA:60,1
DA:61,1
DA:62,1
DA:63,1
DA:64,1
DA:65,1
DA:66,1
DA:67,1
DA:68,1
DA:69,1
DA:70,1
DA:72,1
DA:73,1
DA:74,1
DA:75,1
DA:76,1
DA:77,1
DA:78,1
DA:79,1
DA:80,1
DA:81,1
DA:83,1
DA:84,1
DA:85,1
DA:86,1
DA:88,1
DA:89,1
DA:90,1
DA:91,1
DA:92,1
DA:93,1
DA:94,1
DA:95,1
DA:96,1
DA:98,1
DA:100,1
DA:101,1
DA:102,1
DA:103,1
DA:104,1
DA:105,1
DA:106,1
DA:108,1
DA:110,1
DA:113,1
DA:114,1
DA:115,1
DA:116,1
DA:117,1
DA:118,1
DA:119,1
DA:120,1
DA:121,1
DA:122,1
DA:123,1
DA:124,1
DA:126,1
DA:127,1
DA:128,1
DA:129,1
DA:130,1
DA:131,1
DA:132,1
DA:133,1
DA:134,1
DA:135,1
DA:136,1
DA:137,1
DA:138,1
DA:140,1
DA:143,1
DA:144,1
DA:145,1
DA:146,1
DA:147,1
DA:148,1
DA:149,1
DA:150,1
DA:151,5
DA:152,5
DA:153,5
DA:154,5
DA:155,5
DA:156,5
DA:157,1
DA:158,1
DA:159,1
DA:160,1
DA:164,1
DA:165,1
DA:166,1
DA:167,1
DA:168,1
DA:169,1
DA:170,1
DA:171,1
DA:172,1
DA:173,1
DA:174,1
DA:178,1
DA:179,1
DA:180,1
DA:181,1
DA:182,1
DA:183,1
DA:184,1
DA:185,1
DA:186,1
DA:187,1
DA:189,1
DA:190,1
DA:191,1
DA:192,1
DA:193,1
DA:195,1
DA:196,1
DA:197,1
DA:198,1
DA:199,1
DA:201,1
DA:202,1
DA:205,1
DA:206,1
DA:207,1
DA:208,1
DA:209,2
DA:210,2
DA:211,2
DA:212,2
DA:213,2
DA:214,2
DA:215,2
DA:216,2
DA:217,2
DA:218,2
DA:219,2
DA:220,1
DA:221,1
DA:222,1
DA:223,1
DA:224,1
DA:226,1
DA:228,1
DA:229,1
DA:230,1
DA:231,1
DA:232,1
DA:233,1
DA:234,1
DA:235,0
DA:236,0
DA:237,0
DA:238,0
DA:239,0
DA:240,0
DA:241,0
DA:242,0
DA:243,1
DA:245,1
DA:246,1
DA:247,1
DA:248,1
DA:249,1
DA:250,1
DA:251,1
DA:252,1
DA:253,1
DA:254,0
DA:255,0
DA:256,0
DA:257,0
DA:258,1
LF:213
LH:201
BRDA:10,0,0,1
BRDA:20,1,0,0
BRDA:13,2,0,3
BRDA:14,3,0,3
BRDA:150,4,0,5
BRDA:208,5,0,2
BRDA:228,6,0,1
BRDA:233,7,0,0
BRDA:234,8,0,0
BRDA:245,9,0,1
BRDA:253,10,0,0
BRF:11
BRH:7
end_of_record
TN:
SF:src/pages/Podcasts.jsx
FN:7,Podcasts
FNF:1
FNH:1
FNDA:1,Podcasts
DA:1,1
DA:7,1
DA:8,1
DA:10,1
DA:11,1
DA:12,1
DA:13,1
DA:15,1
DA:16,1
DA:17,1
DA:19,1
DA:20,1
DA:23,1
DA:24,1
DA:25,1
DA:26,1
DA:27,1
DA:28,1
DA:29,1
DA:30,1
DA:34,1
DA:35,1
DA:36,1
DA:37,1
DA:38,12
DA:39,12
DA:40,12
DA:41,12
DA:43,12
DA:44,12
DA:45,12
DA:46,12
DA:47,12
DA:48,12
DA:49,12
DA:50,12
DA:51,12
DA:52,12
DA:53,12
DA:54,1
DA:55,1
DA:56,1
DA:57,1
DA:58,1
DA:60,1
LF:45
LH:45
BRDA:7,0,0,1
BRDA:37,1,0,12
BRF:2
BRH:2
end_of_record
TN:
SF:src/pages/Register.jsx
FN:12,Register
FN:28,onChange
FN:34,validate
FN:43,onSubmit
FNF:4
FNH:1
FNDA:1,Register
FNDA:0,onChange
FNDA:0,validate
FNDA:0,onSubmit
DA:1,1
DA:12,1
DA:13,1
DA:14,1
DA:15,1
DA:16,1
DA:18,1
DA:19,1
DA:20,1
DA:21,1
DA:22,1
DA:23,1
DA:24,1
DA:25,1
DA:26,1
DA:28,1
DA:29,0
DA:30,0
DA:31,0
DA:32,0
DA:34,1
DA:35,0
DA:36,0
DA:37,0
DA:38,0
DA:39,0
DA:40,0
DA:41,0
DA:43,1
DA:44,0
DA:45,0
DA:46,0
DA:47,0
DA:48,0
DA:49,0
DA:50,0
DA:51,0
DA:52,0
DA:53,0
DA:54,0
DA:55,0
DA:56,0
DA:57,0
DA:58,0
DA:59,0
DA:60,0
DA:61,0
DA:62,0
DA:63,0
DA:64,0
DA:65,0
DA:66,0
DA:67,0
DA:69,1
DA:70,1
DA:71,1
DA:72,1
DA:73,1
DA:74,1
DA:75,1
DA:76,1
DA:77,1
DA:78,1
DA:79,1
DA:80,1
DA:82,1
DA:83,1
DA:84,1
DA:85,1
DA:86,1
DA:87,1
DA:88,1
DA:89,1
DA:90,1
DA:91,1
DA:92,1
DA:93,1
DA:94,1
DA:95,1
DA:96,1
DA:97,1
DA:98,0
DA:100,1
DA:102,1
DA:104,1
DA:105,1
DA:106,1
DA:107,1
DA:108,1
DA:109,1
DA:110,1
DA:111,1
DA:112,1
DA:113,1
DA:114,1
DA:115,0
DA:117,1
DA:119,1
DA:121,1
DA:122,1
DA:123,1
DA:124,1
DA:125,1
DA:126,1
DA:127,1
DA:128,1
DA:129,1
DA:130,1
DA:131,0
DA:133,1
DA:135,1
DA:137,1
DA:138,1
DA:139,1
DA:140,1
DA:141,1
DA:143,1
DA:144,1
DA:145,1
DA:146,1
DA:148,1
DA:149,1
DA:150,1
DA:151,1
DA:152,1
DA:153,1
DA:154,1
DA:156,1
DA:157,1
DA:159,1
DA:160,1
DA:162,1
DA:163,1
DA:164,1
DA:165,1
DA:166,1
DA:167,1
DA:168,1
DA:170,1
LF:139
LH:101
BRDA:12,0,0,1
BRDA:15,1,0,0
BRDA:71,2,0,0
BRDA:78,3,0,0
BRDA:95,4,0,0
BRDA:97,5,0,0
BRDA:112,6,0,0
BRDA:114,7,0,0
BRDA:128,8,0,0
BRDA:130,9,0,0
BRF:10
BRH:1
end_of_record
TN:
SF:src/pages/Signup.jsx
FN:11,Signup
FN:31,validateForm
FN:48,handleSubmit
FN:86,handleChange
FN:94,toggleInterest
FN:230,onClick
FNF:6
FNH:1
FNDA:1,Signup
FNDA:0,validateForm
FNDA:0,handleSubmit
FNDA:0,handleChange
FNDA:0,toggleInterest
FNDA:0,onClick
DA:1,1
DA:11,1
DA:12,1
DA:13,1
DA:14,1
DA:15,1
DA:16,1
DA:17,1
DA:18,1
DA:19,1
DA:20,1
DA:22,1
DA:23,1
DA:24,1
DA:25,1
DA:26,1
DA:27,1
DA:28,1
DA:29,1
DA:31,1
DA:32,0
DA:34,0
DA:35,0
DA:36,0
DA:38,0
DA:39,0
DA:40,0
DA:41,0
DA:42,0
DA:44,0
DA:45,0
DA:46,0
DA:48,1
DA:49,0
DA:51,0
DA:52,0
DA:53,0
DA:54,0
DA:55,0
DA:56,0
DA:57,0
DA:58,0
DA:60,0
DA:63,0
DA:65,0
DA:66,0
DA:68,0
DA:69,0
DA:70,0
DA:71,0
DA:72,0
DA:75,0
DA:76,0
DA:77,0
DA:78,0
DA:79,0
DA:80,0
DA:81,0
DA:82,0
DA:83,0
DA:84,0
DA:86,1
DA:87,0
DA:88,0
DA:89,0
DA:90,0
DA:91,0
DA:92,0
DA:94,1
DA:95,0
DA:96,0
DA:97,0
DA:98,0
DA:99,0
DA:100,0
DA:101,0
DA:103,1
DA:104,0
DA:105,0
DA:106,0
DA:107,0
DA:108,0
DA:109,0
DA:110,0
DA:111,0
DA:112,0
DA:113,0
DA:114,0
DA:115,0
DA:118,0
DA:119,0
DA:120,0
DA:121,0
DA:123,0
DA:125,1
DA:126,1
DA:127,1
DA:128,1
DA:130,1
DA:131,1
DA:132,1
DA:135,1
DA:136,1
DA:138,1
DA:140,1
DA:141,1
DA:142,1
DA:143,1
DA:144,1
DA:145,1
DA:146,1
DA:148,1
DA:149,1
DA:150,1
DA:151,1
DA:152,1
DA:154,1
DA:155,1
DA:156,1
DA:157,1
DA:158,1
DA:160,1
DA:161,1
DA:162,1
DA:163,1
DA:164,1
DA:166,1
DA:167,1
DA:168,1
DA:169,1
DA:170,1
DA:173,1
DA:174,1
DA:175,1
DA:176,1
DA:177,1
DA:178,1
DA:179,1
DA:180,1
DA:181,1
DA:182,1
DA:183,1
DA:184,1
DA:185,1
DA:186,1
DA:187,1
DA:188,1
DA:189,1
DA:190,1
DA:191,1
DA:192,1
DA:193,1
DA:194,1
DA:195,1
DA:197,1
DA:198,1
DA:199,1
DA:200,1
DA:201,1
DA:202,1
DA:203,1
DA:204,1
DA:205,1
DA:206,1
DA:207,1
DA:208,1
DA:209,1
DA:210,1
DA:211,1
DA:212,1
DA:213,1
DA:214,1
DA:215,1
DA:217,1
DA:218,1
DA:220,1
DA:221,1
DA:222,1
DA:224,1
DA:225,1
DA:226,1
DA:227,6
DA:228,6
DA:229,6
DA:230,6
DA:231,6
DA:232,6
DA:233,0
DA:234,6
DA:235,6
DA:237,6
DA:238,6
DA:239,1
DA:240,1
DA:241,1
DA:243,1
DA:245,1
DA:247,1
DA:250,1
DA:251,1
DA:252,1
DA:253,1
DA:254,1
DA:255,1
DA:256,1
DA:258,1
LF:206
LH:135
BRDA:11,0,0,1
BRDA:103,1,0,0
BRDA:191,2,0,0
BRDA:194,3,0,0
BRDA:211,4,0,0
BRDA:214,5,0,0
BRDA:226,6,0,6
BRDA:232,7,0,0
BRF:8
BRH:2
end_of_record
TN:
SF:src/pages/Talent.jsx
FN:14,Talent
FN:25,onChange
FN:31,validate
FN:40,onSubmit
FN:82,onClick
FN:199,onClick
FNF:6
FNH:5
FNDA:66,Talent
FNDA:60,onChange
FNDA:2,validate
FNDA:2,onSubmit
FNDA:1,onClick
FNDA:0,onClick
DA:1,1
DA:14,66
DA:15,66
DA:16,66
DA:17,66
DA:19,66
DA:21,66
DA:22,66
DA:23,66
DA:25,66
DA:26,60
DA:27,60
DA:28,60
DA:29,60
DA:31,66
DA:32,2
DA:33,2
DA:34,2
DA:35,2
DA:36,2
DA:37,2
DA:38,2
DA:40,66
DA:41,2
DA:42,2
DA:43,2
DA:44,1
DA:45,1
DA:46,1
DA:47,1
DA:48,1
DA:49,1
DA:50,1
DA:51,1
DA:52,1
DA:53,1
DA:54,1
DA:55,1
DA:56,1
DA:57,1
DA:58,2
DA:59,2
DA:60,2
DA:61,2
DA:62,2
DA:63,2
DA:65,66
DA:66,66
DA:67,66
DA:68,66
DA:69,66
DA:70,66
DA:71,66
DA:73,66
DA:74,66
DA:76,66
DA:77,66
DA:78,66
DA:79,66
DA:80,264
DA:81,264
DA:82,264
DA:83,264
DA:84,264
DA:85,264
DA:86,66
DA:87,198
DA:88,264
DA:90,264
DA:91,264
DA:92,66
DA:93,66
DA:95,66
DA:96,0
DA:97,0
DA:98,0
DA:99,0
DA:101,66
DA:102,66
DA:103,197
DA:104,66
DA:105,66
DA:107,66
DA:109,66
DA:110,66
DA:111,66
DA:112,66
DA:113,66
DA:114,66
DA:115,66
DA:116,66
DA:117,66
DA:118,66
DA:119,66
DA:120,66
DA:121,66
DA:122,66
DA:123,66
DA:124,66
DA:125,66
DA:126,1
DA:128,65
DA:130,66
DA:131,66
DA:132,66
DA:133,66
DA:134,66
DA:135,66
DA:136,66
DA:137,66
DA:138,66
DA:139,66
DA:140,66
DA:141,11
DA:143,55
DA:145,66
DA:146,66
DA:147,66
DA:148,66
DA:149,66
DA:150,66
DA:151,66
DA:152,66
DA:153,66
DA:154,66
DA:156,66
DA:158,66
DA:159,66
DA:160,66
DA:161,66
DA:162,198
DA:163,198
DA:164,198
DA:165,66
DA:166,66
DA:167,66
DA:168,19
DA:170,47
DA:172,66
DA:173,66
DA:174,66
DA:175,66
DA:176,66
DA:177,66
DA:178,66
DA:179,66
DA:180,66
DA:181,66
DA:182,66
DA:183,66
DA:184,20
DA:186,46
DA:188,66
DA:189,66
DA:190,66
DA:191,66
DA:192,66
DA:193,66
DA:194,66
DA:195,66
DA:196,66
DA:197,66
DA:198,66
DA:199,66
DA:200,0
DA:202,66
DA:204,66
DA:205,66
DA:206,66
DA:207,66
DA:208,66
DA:209,66
DA:210,66
DA:211,66
DA:212,66
DA:214,66
LF:176
LH:171
BRDA:14,0,0,66
BRDA:19,1,0,65
BRDA:19,2,0,1
BRDA:95,3,0,0
BRDA:122,4,0,65
BRDA:123,5,0,1
BRDA:123,6,0,65
BRDA:125,7,0,1
BRDA:126,8,0,65
BRDA:137,9,0,55
BRDA:138,10,0,11
BRDA:138,11,0,55
BRDA:140,12,0,11
BRDA:141,13,0,55
BRDA:153,14,0,47
BRDA:154,15,0,19
BRDA:154,16,0,47
BRDA:167,17,0,19
BRDA:168,18,0,47
BRDA:180,19,0,46
BRDA:181,20,0,20
BRDA:181,21,0,46
BRDA:183,22,0,20
BRDA:184,23,0,46
BRDA:19,24,0,3
BRDA:25,25,0,60
BRDA:28,26,0,4
BRDA:27,27,0,60
BRDA:28,28,0,4
BRDA:31,29,0,2
BRDA:33,30,0,1
BRDA:34,31,0,1
BRDA:35,32,0,1
BRDA:36,33,0,1
BRDA:36,34,0,1
BRDA:40,35,0,2
BRDA:43,36,0,1
BRDA:58,37,0,0
BRDA:58,38,0,1
BRDA:60,39,0,1
BRDA:79,40,0,264
BRDA:85,41,0,66
BRDA:86,42,0,198
BRDA:82,43,0,1
BRDA:102,44,0,197
BRDA:160,45,0,264
BRDA:161,46,0,198
BRF:47
BRH:45
end_of_record
TN:
SF:src/pages/TrainingCourses.jsx
FN:17,TrainingCourses
FN:38,applyFilters
FN:73,onChange
FN:93,onChange
FN:168,onClick
FN:178,onClick
FN:248,onClick
FN:258,onClick
FNF:8
FNH:5
FNDA:7,TrainingCourses
FNDA:14,applyFilters
FNDA:1,onChange
FNDA:1,onChange
FNDA:0,onClick
FNDA:1,onClick
FNDA:0,onClick
FNDA:0,onClick
DA:1,1
DA:17,7
DA:18,7
DA:19,7
DA:20,7
DA:21,7
DA:23,7
DA:24,7
DA:25,7
DA:26,7
DA:27,7
DA:29,7
DA:30,7
DA:31,7
DA:32,7
DA:33,7
DA:34,7
DA:35,7
DA:36,7
DA:38,7
DA:39,14
DA:40,14
DA:41,56
DA:42,46
DA:43,14
DA:45,7
DA:46,7
DA:47,7
DA:48,7
DA:50,7
DA:51,7
DA:52,7
DA:53,7
DA:54,7
DA:55,7
DA:56,7
DA:57,7
DA:58,7
DA:59,7
DA:61,7
DA:62,7
DA:65,7
DA:66,7
DA:67,7
DA:69,7
DA:70,7
DA:71,7
DA:72,7
DA:73,7
DA:74,1
DA:75,1
DA:76,1
DA:77,1
DA:79,7
DA:80,35
DA:81,35
DA:82,35
DA:83,7
DA:84,7
DA:85,7
DA:86,7
DA:87,7
DA:89,7
DA:90,7
DA:91,7
DA:92,7
DA:93,7
DA:94,1
DA:95,1
DA:96,1
DA:97,1
DA:99,7
DA:100,35
DA:101,35
DA:102,35
DA:103,7
DA:104,7
DA:105,7
DA:106,7
DA:108,7
DA:109,7
DA:110,7
DA:111,7
DA:112,7
DA:113,0
DA:114,0
DA:115,0
DA:116,0
DA:118,7
DA:119,15
DA:120,15
DA:121,15
DA:123,15
DA:124,15
DA:125,15
DA:126,15
DA:128,15
DA:129,15
DA:130,15
DA:131,15
DA:132,15
DA:133,15
DA:134,15
DA:135,15
DA:136,15
DA:137,15
DA:138,15
DA:139,15
DA:140,15
DA:141,15
DA:142,15
DA:143,15
DA:144,15
DA:145,15
DA:146,15
DA:147,15
DA:148,15
DA:149,15
DA:150,15
DA:151,15
DA:152,15
DA:153,15
DA:155,15
DA:156,15
DA:158,15
DA:159,15
DA:160,15
DA:161,15
DA:162,7
DA:163,7
DA:164,7
DA:165,5
DA:166,5
DA:167,5
DA:168,5
DA:169,5
DA:170,5
DA:172,5
DA:173,5
DA:174,5
DA:175,5
DA:176,5
DA:177,5
DA:178,5
DA:179,1
DA:181,5
DA:182,5
DA:184,5
DA:185,5
DA:187,7
DA:189,7
DA:190,7
DA:191,7
DA:192,7
DA:193,1
DA:194,1
DA:195,1
DA:196,1
DA:198,7
DA:199,17
DA:200,17
DA:201,17
DA:203,17
DA:204,17
DA:205,17
DA:206,17
DA:208,17
DA:209,17
DA:210,17
DA:211,17
DA:212,17
DA:213,17
DA:214,17
DA:215,17
DA:216,17
DA:217,17
DA:218,17
DA:219,17
DA:220,17
DA:221,17
DA:222,17
DA:223,17
DA:224,17
DA:225,17
DA:226,17
DA:227,17
DA:228,17
DA:229,17
DA:230,17
DA:231,17
DA:232,17
DA:233,17
DA:235,17
DA:236,17
DA:238,17
DA:239,17
DA:240,17
DA:241,17
DA:242,7
DA:243,7
DA:244,7
DA:245,5
DA:246,5
DA:247,5
DA:248,5
DA:249,5
DA:250,5
DA:252,5
DA:253,5
DA:254,5
DA:255,5
DA:256,5
DA:257,5
DA:258,5
DA:259,0
DA:261,5
DA:262,5
DA:264,5
DA:265,5
DA:267,7
DA:268,7
DA:271,7
DA:272,7
DA:273,7
DA:274,7
DA:275,7
DA:276,7
DA:277,7
DA:278,7
DA:279,7
DA:280,0
DA:282,7
DA:283,7
DA:284,7
DA:285,7
DA:286,7
DA:287,7
DA:288,7
DA:289,7
DA:291,7
DA:292,7
DA:293,7
DA:294,7
DA:295,7
DA:296,7
DA:297,7
DA:298,7
DA:299,0
DA:301,7
DA:302,7
DA:303,7
DA:304,7
DA:305,7
DA:306,7
DA:307,7
DA:308,7
DA:310,7
DA:311,7
DA:312,7
DA:313,7
DA:314,7
DA:315,7
DA:317,7
LF:263
LH:256
BRDA:17,0,0,7
BRDA:112,1,0,0
BRDA:164,2,0,5
BRDA:192,3,0,1
BRDA:244,4,0,5
BRDA:279,5,0,0
BRDA:298,6,0,0
BRDA:31,7,0,56
BRDA:35,8,0,56
BRDA:35,9,0,7
BRDA:38,10,0,14
BRDA:40,11,0,56
BRDA:41,12,0,16
BRDA:41,13,0,46
BRDA:42,14,0,3
BRDA:73,15,0,1
BRDA:79,16,0,35
BRDA:93,17,0,1
BRDA:99,18,0,35
BRDA:118,19,0,15
BRDA:178,20,0,1
BRDA:179,21,0,1
BRDA:198,22,0,17
BRDA:283,23,0,7
BRDA:302,24,0,7
BRF:25
BRH:22
end_of_record
TN:
SF:src/pages/TrainingDetail.jsx
FN:10,TrainingDetail
FNF:1
FNH:1
FNDA:1,TrainingDetail
DA:1,1
DA:10,1
DA:11,1
DA:12,1
DA:14,1
DA:16,1
DA:17,1
DA:18,1
DA:19,1
DA:20,1
DA:21,1
DA:22,1
DA:23,1
DA:25,1
DA:26,1
DA:27,1
DA:28,1
DA:29,1
DA:30,1
DA:31,1
DA:32,1
DA:33,1
DA:34,1
DA:35,1
DA:36,1
DA:37,1
DA:38,1
DA:39,1
DA:40,1
DA:41,1
DA:43,1
DA:44,1
DA:45,1
DA:46,1
DA:47,1
DA:48,1
DA:49,1
DA:50,1
DA:52,1
DA:53,1
DA:55,1
DA:56,1
DA:58,1
DA:59,1
DA:60,1
DA:61,1
DA:63,1
LF:47
LH:47
BRDA:10,0,0,1
BRDA:12,1,0,0
BRDA:14,2,0,0
BRDA:12,3,0,1
BRF:4
BRH:2
end_of_record
TN:
SF:src/test/Providers.jsx
FN:7,Providers
FNF:1
FNH:1
FNDA:26,Providers
DA:1,1
DA:7,26
DA:8,26
DA:9,26
DA:10,26
DA:11,26
DA:12,26
DA:13,26
DA:14,26
DA:15,26
DA:17,26
LF:11
LH:11
BRDA:7,0,0,26
BRF:1
BRH:1
end_of_record
TN:
SF:src/test/setup.js
FN:1,(empty-report)
FNF:1
FNH:0
FNDA:0,(empty-report)
DA:1,0
DA:2,0
DA:3,0
DA:4,0
DA:5,0
DA:6,0
DA:7,0
DA:8,0
DA:9,0
DA:10,0
DA:11,0
DA:12,0
DA:13,0
DA:14,0
DA:15,0
DA:16,0
DA:17,0
DA:18,0
DA:19,0
DA:20,0
DA:21,0
DA:22,0
DA:23,0
DA:24,0
DA:25,0
DA:26,0
DA:27,0
DA:28,0
DA:29,0
DA:30,0
DA:31,0
DA:32,0
DA:33,0
DA:34,0
DA:35,0
DA:36,0
DA:37,0
DA:38,0
DA:39,0
DA:40,0
DA:41,0
DA:42,0
DA:43,0
DA:44,0
DA:45,0
DA:46,0
DA:47,0
LF:47
LH:0
BRDA:1,0,0,0
BRF:1
BRH:0
end_of_record
TN:
SF:src/test/utils.jsx
FN:5,renderWithProviders
FNF:1
FNH:1
FNDA:26,renderWithProviders
DA:1,1
DA:5,1
DA:6,26
DA:7,26
LF:4
LH:4
BRDA:5,0,0,26
BRF:1
BRH:1
end_of_record
TN:
SF:src/utils/sanitizeHtml.js
FN:3,sanitizeHtml
FNF:1
FNH:1
FNDA:4,sanitizeHtml
DA:1,1
DA:2,1
DA:3,1
DA:4,4
DA:5,3
DA:6,3
DA:7,3
DA:9,3
DA:10,3
DA:11,3
DA:12,15
DA:13,3
DA:15,3
DA:16,3
DA:17,3
DA:18,4
DA:19,7
DA:20,7
DA:21,4
DA:22,4
DA:23,4
DA:24,2
DA:25,2
DA:26,2
DA:27,4
DA:28,1
DA:29,1
DA:30,1
DA:31,4
DA:32,0
DA:33,0
DA:34,0
DA:35,7
DA:36,7
DA:37,7
DA:39,3
DA:40,3
LF:37
LH:34
BRDA:3,0,0,4
BRDA:4,1,0,3
BRDA:4,2,0,1
BRDA:18,3,0,7
BRDA:37,4,0,3
BRDA:11,5,0,15
BRDA:12,6,0,3
BRDA:20,7,0,4
BRDA:22,8,0,0
BRDA:23,9,0,2
BRDA:27,10,0,1
BRDA:27,11,0,2
BRDA:27,12,0,1
BRDA:31,13,0,0
BRDA:31,14,0,0
BRF:15
BRH:12
end_of_record
